[2026-07-17 15:45:02] User -> admin@pds | Wholesaler loaded from API -> MS KIRON SANKAR DEY AND ORS A/C OF MS KIRON SANKAR DEY AND ORS-BARASAT DR-KOLKATA NORTH
[2026-07-17 15:45:02] User -> admin@pds | Wholesaler loaded from API -> M/S MALABIKA KABASI A/C OF MS MALABIKA KABASI (DR-KOLKATA NORTH)
[2026-07-17 15:45:02] User -> admin@pds | Wholesaler loaded from API -> NORTH SUBURBAN WHOLESALE CONSUMERS COOP. SOCIETY L A/C OF NORTH SUBURBAN WHOLESALE CONSUMERS COOP. SOCIETY L
[2026-07-17 15:45:02] User -> admin@pds | Wholesaler loaded from API -> MS KIRON SANKAR DEY AND ORS A/C OF MS KIRON SANKAR DEY AND ORS-BARASAT DR-KOLKATA NORTH
[2026-07-17 15:45:02] User -> admin@pds | Wholesaler loaded from API -> M/S SHAW ENTERPRISE A/C OF M/S SHAW ENTERPRISE
[2026-07-17 15:45:02] User -> admin@pds | Wholesaler loaded from API -> D.K. ENTERPRISE A/C OF D.K. ENTERPRISE
[2026-07-17 15:45:02] User -> admin@pds | Wholesaler loaded from API -> M/S INTERCITY AGENCY A/C OF M/S INTERCITY AGENCY
[2026-07-17 15:45:02] User -> admin@pds | Wholesaler loaded from API -> SREE TRADERS  SONARPUR (DR-KOLKATA SOUTH) A/C OF SREE TRADERS  SONARPUR (DR-KOLKATA SOUTH)
[2026-07-17 15:45:02] User -> admin@pds | Wholesaler loaded from API -> SK MD YASIN A/C OF SK MD YASIN (DR-HOWRAH)
[2026-07-17 15:45:02] User -> admin@pds | Wholesaler loaded from API -> M/S LAKSHMI NARAYAN CHOWDHURY A/C OF M/S LAKSHMI NARAYAN CHOWDHURY
[2026-07-17 15:45:02] User -> admin@pds | Wholesaler loaded from API -> MS ANCHALICK FOOD SUPPLY AGENCY A/C OF M/S ANCHALICK FOOD SUPPLY AGENCY
[2026-07-17 15:45:02] User -> admin@pds | Wholesaler loaded from API -> CHINSURAH WHOLESALE CONSUMERS CO OPERATIVE SOCIETY A/C OF JAGANNATH ENTERPRISE
[2026-07-17 15:45:02] User -> admin@pds | Wholesaler loaded from API -> SERAMPORE WHOLESALE CONSUMER CO OPERATIVE SOCIETY 
[2026-07-17 15:45:02] User -> admin@pds | Wholesaler loaded from API -> CHINSURAH WHOLESALE CONSUMERS CO OPERATIVE SOCIETY A/C OF M/S ULLASH CHANDRA MONDAL AND SONS
[2026-07-17 15:45:02] User -> admin@pds | Wholesaler loaded from API -> S.N.ROY AND SONS
[2026-07-17 15:45:02] User -> admin@pds | Wholesaler loaded from API -> SERAMPORE WHOLESALE CONSUMER CO OPERATIVE SOCIETY  A/C OF M/S S.S. SHAW AND CO
[2026-07-17 15:45:02] User -> admin@pds | Wholesaler loaded from API -> CHINSURAH WHOLESALE CONSUMERS CO OPERATIVE SOCIETY
[2026-07-17 15:45:02] User -> admin@pds | Wholesaler loaded from API -> KAB FOOD AGENCY
[2026-07-17 15:45:02] User -> admin@pds | Wholesaler loaded from API -> KAB FOOD AGENCY A/C OF C.L.W.COOPERATIVE STORES LTD.
[2026-07-17 15:45:02] User -> admin@pds | Wholesaler loaded from API -> D.S.P.EMPLOYEES CO OPERATIVE SOCIETY LTD.
[2026-07-17 15:45:02] User -> admin@pds | Wholesaler loaded from API -> M/S NIRANJAN KUMAR GHOSH AND SONS
[2026-07-17 15:45:02] User -> admin@pds | Wholesaler loaded from API -> ASHUTOSH PAUL AND SONS
[2026-07-17 15:45:02] User -> admin@pds | Wholesaler loaded from API -> SRI PARIMAL KUMAR GHOSH A/C OF M/S TARAK NATH NANDY & SONS
[2026-07-17 15:45:02] User -> admin@pds | Wholesaler loaded from API -> SRI PAWAN KUMAR AGARWAL
[2026-07-17 15:45:02] User -> admin@pds | Wholesaler loaded from API -> BARRACKPORE CENTRAL ZONE WHOLESALE CONSUMERS CO OP
[2026-07-17 15:45:02] User -> admin@pds | Wholesaler loaded from API -> MS TARA MAA ENTERPRISE 
[2026-07-17 15:45:02] User -> admin@pds | Wholesaler loaded from API -> M/S GOSTHA BEHARI NANDY & BROTHERS
[2026-07-17 15:45:02] User -> admin@pds | Wholesaler loaded from API -> M/S K.P. ROY A/C OF M/S K.P. ROY
[2026-07-17 15:45:02] User -> admin@pds | Wholesaler loaded from API -> SRI PARIMAL KUMAR GHOSH A/C OF SRI PARIMAL KUMAR GHOSH
[2026-07-17 15:45:02] User -> admin@pds | Wholesaler loaded from API -> HINDUSTHAN FOOD SUPPLIERS
[2026-07-17 15:45:02] User -> admin@pds | Wholesaler loaded from API -> M/S N. PAUL AND CO. A/C OF M/S N. PAUL AND CO.
[2026-07-17 15:45:02] User -> admin@pds | Wholesaler loaded from API -> NORTH SUBURBAN WHOLESALE CONSUMERS COOP. SOCIETY L
[2026-07-17 15:45:02] User -> admin@pds | Wholesaler loaded from API -> M/S C.L.SHAHA AND SON
[2026-07-17 15:45:02] User -> admin@pds | Wholesaler loaded from API -> M/S C.L.SHAHA AND SON A/C OF M/S ANNAPURNA BHANDER
[2026-07-17 15:45:02] User -> admin@pds | Wholesaler loaded from API -> M/S MALABIKA KABASI
[2026-07-17 15:45:02] User -> admin@pds | Wholesaler loaded from API -> BRIJMOHAN GARG.GHOOM
[2026-07-17 15:45:02] User -> admin@pds | Wholesaler loaded from API -> RAMAUTAR AGARWAL
[2026-07-17 15:45:02] User -> admin@pds | Wholesaler loaded from API -> DHANRAJ GARG.SUKHIAPOKHARI
[2026-07-17 15:45:02] User -> admin@pds | Wholesaler loaded from API -> B.R.N PRASAD
[2026-07-17 15:45:02] User -> admin@pds | Wholesaler loaded from API -> SUBASH KUMAR SINGH
[2026-07-17 15:45:02] User -> admin@pds | Wholesaler loaded from API -> GOEL BROTHERS
[2026-07-17 15:45:02] User -> admin@pds | Wholesaler loaded from API -> KURSEONG CARRIER PVT.LTD. A/C OF KURSEONG CARRIER PVT.LTD.
[2026-07-17 15:45:02] User -> admin@pds | Wholesaler loaded from API -> KURSEONG CARRIER PVT.LTD.
[2026-07-17 15:45:02] User -> admin@pds | Wholesaler loaded from API -> ABHOY AND COMPANY
[2026-07-17 15:45:02] User -> admin@pds | Wholesaler loaded from API -> SITARAM BAJLA.KNG
[2026-07-17 15:45:02] User -> admin@pds | Wholesaler loaded from API -> S.K.AGARWAL
[2026-07-17 15:45:02] User -> admin@pds | Wholesaler loaded from API -> HARGULAL KISHORILAL. MR
[2026-07-17 15:45:02] User -> admin@pds | Wholesaler loaded from API -> MADAN MOKTAN.MIRIK
[2026-07-17 15:45:02] User -> admin@pds | Wholesaler loaded from API -> SATYA NARAYAN REBATI MOHAN610
[2026-07-17 15:45:02] User -> admin@pds | Wholesaler loaded from API -> SUDHIR CHANDRA GHOSH,SLG
[2026-07-17 15:45:02] User -> admin@pds | Wholesaler loaded from API -> KURSEONG CARRIER PVT.LTD. A/C OF SUDHIR CHANDRA GHOSH.NAXALBARI
[2026-07-17 15:45:02] User -> admin@pds | Wholesaler loaded from API -> AMAL BHOWMICK
[2026-07-17 15:45:02] User -> admin@pds | Wholesaler loaded from API -> M/S ABHOY & CO
[2026-07-17 15:45:02] User -> admin@pds | Wholesaler loaded from API -> SATYA NARAYAN REBATI MOHAN610 A/C OF SITARAM BAJLA.KNG
[2026-07-17 15:45:02] User -> admin@pds | Wholesaler loaded from API -> DAYANTI ROY
[2026-07-17 15:45:02] User -> admin@pds | Wholesaler loaded from API -> SUNIL SAHA
[2026-07-17 15:45:02] User -> admin@pds | Wholesaler loaded from API -> SMT. SUBHASREE ROY
[2026-07-17 15:45:02] User -> admin@pds | Wholesaler loaded from API -> D.K. SAHA
[2026-07-17 15:45:02] User -> admin@pds | Wholesaler loaded from API -> SUBIR KUMAR MAJUMDER
[2026-07-17 15:45:02] User -> admin@pds | Wholesaler loaded from API -> M/S J. C. SAHA AND T. K. SAHA
[2026-07-17 15:45:02] User -> admin@pds | Wholesaler loaded from API -> OMPRAKASH KHORIA
[2026-07-17 15:45:02] User -> admin@pds | Wholesaler loaded from API -> GOBINDA GUHA
[2026-07-17 15:45:02] User -> admin@pds | Wholesaler loaded from API -> GOPAL STORES
[2026-07-17 15:45:02] User -> admin@pds | Wholesaler loaded from API -> PUSHPA  KHORIA201201201201
[2026-07-17 15:45:03] User -> admin@pds | Wholesaler loaded from API -> BIJOY KUMAR SAJAN KUMAR
[2026-07-17 15:45:03] User -> admin@pds | Wholesaler loaded from API -> GOPAL STORES A/C OF M/S J. M. AGARWALA
[2026-07-17 15:45:03] User -> admin@pds | Wholesaler loaded from API -> SMT. SUBHASREE ROY A/C OF GOUTAM HAR
[2026-07-17 15:45:03] User -> admin@pds | Wholesaler loaded from API -> PRAKRITI GHOSH
[2026-07-17 15:45:03] User -> admin@pds | Wholesaler loaded from API -> ANJALI SAHA
[2026-07-17 15:45:03] User -> admin@pds | Wholesaler loaded from API -> NIRBHOY CHANDRA CHOUDHURY
[2026-07-17 15:45:03] User -> admin@pds | Wholesaler loaded from API -> M. L. BANSAL
[2026-07-17 15:45:03] User -> admin@pds | Wholesaler loaded from API -> RANJIT SINGH
[2026-07-17 15:45:03] User -> admin@pds | Wholesaler loaded from API -> GOBINDA GUHA A/C OF M/S BENGAL DISTRIBUTOR
[2026-07-17 15:45:03] User -> admin@pds | Wholesaler loaded from API -> KURSEONG CARRIER PVT.LTD. A/C OF KURSEONG CARRIER PVT.LTD.
[2026-07-17 15:45:03] User -> admin@pds | Wholesaler loaded from API -> MS RADHA GOBINDA DISTRIBUTOR
[2026-07-17 15:45:03] User -> admin@pds | Wholesaler loaded from API -> MS ASHOKE STORES
[2026-07-17 15:45:03] User -> admin@pds | Wholesaler loaded from API -> M/S RADHA DISTRIBUTOR
[2026-07-17 15:45:03] User -> admin@pds | Wholesaler loaded from API -> MURARI LAL AGARWALA
[2026-07-17 15:45:03] User -> admin@pds | Wholesaler loaded from API -> M/S S. R. MOULIC AND SONS
[2026-07-17 15:45:03] User -> admin@pds | Wholesaler loaded from API -> M/S DHAR BROTHERS
[2026-07-17 15:45:03] User -> admin@pds | Wholesaler loaded from API -> M/S HEMENDRA CHANDRA SAHA ROY
[2026-07-17 15:45:03] User -> admin@pds | Wholesaler loaded from API -> GOPAL CHANDRA ROY
[2026-07-17 15:45:03] User -> admin@pds | Wholesaler loaded from API -> M/S RAJ TRADING
[2026-07-17 15:45:03] User -> admin@pds | Wholesaler loaded from API -> KAILASH JINDAL
[2026-07-17 15:45:03] User -> admin@pds | Wholesaler loaded from API -> SMT SANGITA SAHA
[2026-07-17 15:45:03] User -> admin@pds | Wholesaler loaded from API -> M/S PARUL BALA SAHA
[2026-07-17 15:45:03] User -> admin@pds | Wholesaler loaded from API -> MS TARAPADA MUKHERJEE235
[2026-07-17 15:45:03] User -> admin@pds | Wholesaler loaded from API -> M/S S. R. MOULIC AND SONS A/C OF KALCHINI COOPERATIVE CONSUMER SOCIETY LIMITED, HAS
[2026-07-17 15:45:03] User -> admin@pds | Wholesaler loaded from API -> M/S S. R. MOULIC AND SONS A/C OF KALCHINI COOPERATIVE CONSUMER SOCIETY LIMITED, HAS
[2026-07-17 15:45:03] User -> admin@pds | Wholesaler loaded from API -> MESSERS PARBATI CHANDRA BHOWAL
[2026-07-17 15:45:03] User -> admin@pds | Wholesaler loaded from API -> MESSERS NITYANANDA GHOSH AND SONS
[2026-07-17 15:45:03] User -> admin@pds | Wholesaler loaded from API -> SHEULY SAHA ROY
[2026-07-17 15:45:03] User -> admin@pds | Wholesaler loaded from API -> SHRI SIBUPADA SAHA
[2026-07-17 15:45:03] User -> admin@pds | Wholesaler loaded from API -> MESSERS N.N. PAUL AND BROS.
[2026-07-17 15:45:03] User -> admin@pds | Wholesaler loaded from API -> MESSERS MAHABIR ENTERPRISES
[2026-07-17 15:45:03] User -> admin@pds | Wholesaler loaded from API -> MESSERS BINOY RANJAN CHOWDHURY AND CO.
[2026-07-17 15:45:03] User -> admin@pds | Wholesaler loaded from API -> SRI JYOTIRMOY SARKAR
[2026-07-17 15:45:03] User -> admin@pds | Wholesaler loaded from API -> MESSERS SUNIL KUMAR SAHA AND CO.
[2026-07-17 15:45:03] User -> admin@pds | Wholesaler loaded from API -> BISWAJIT SAHA
[2026-07-17 15:45:03] User -> admin@pds | Wholesaler loaded from API -> MESSERS GOURANGA MALAKAR AND SONS
[2026-07-17 15:45:03] User -> admin@pds | Wholesaler loaded from API -> ARNAB KUNDU
[2026-07-17 15:45:03] User -> admin@pds | Wholesaler loaded from API -> M/S S.R. UPADHAYA
[2026-07-17 15:45:03] User -> admin@pds | Wholesaler loaded from API -> MESSERS SUKUMAR SAHA AND COMPANY
[2026-07-17 15:45:03] User -> admin@pds | Wholesaler loaded from API -> MESSERS BASANTI BALA BASAK AND CO.
[2026-07-17 15:45:03] User -> admin@pds | Wholesaler loaded from API -> DAMODAR PRASAD AGARWAL,PROP-PRAMOD KUMAR AGARWAL11
[2026-07-17 15:45:03] User -> admin@pds | Wholesaler loaded from API -> M/S MANDAL BROTHERS
[2026-07-17 15:45:03] User -> admin@pds | Wholesaler loaded from API -> BIKRAM  BHOWMICK
[2026-07-17 15:45:03] User -> admin@pds | Wholesaler loaded from API -> RATAN LAL AGARWALA
[2026-07-17 15:45:03] User -> admin@pds | Wholesaler loaded from API -> M/S HARENDRA NATH SETH
[2026-07-17 15:45:03] User -> admin@pds | Wholesaler loaded from API -> GOALPOKHAR AGRICULTURAL CO OPERATIVE MARKETING SOC
[2026-07-17 15:45:03] User -> admin@pds | Wholesaler loaded from API -> SRI PRADYUT KUNDU A/C OF DOONGARMAL AGARWALA
[2026-07-17 15:45:03] User -> admin@pds | Wholesaler loaded from API -> MS MANAS KUMAR MITRA. PROP- SMT.SUJATA MITRA.
[2026-07-17 15:45:03] User -> admin@pds | Wholesaler loaded from API -> PURNA CHANDRA DAS
[2026-07-17 15:45:03] User -> admin@pds | Wholesaler loaded from API -> SUPRIYA KUMAR KUNDU
[2026-07-17 15:45:03] User -> admin@pds | Wholesaler loaded from API -> ARTHAGRAM SAMABAY KRISHI UNNAYAN SAMITY
[2026-07-17 15:45:03] User -> admin@pds | Wholesaler loaded from API -> KALIYAGANJ CO OPERATIVE MULTIPURPOSE SOCIETY LIMIT
[2026-07-17 15:45:03] User -> admin@pds | Wholesaler loaded from API -> M/S. BRIJ LAL AGARWALA
[2026-07-17 15:45:03] User -> admin@pds | Wholesaler loaded from API -> ROY ENTERPRISE
[2026-07-17 15:45:03] User -> admin@pds | Wholesaler loaded from API -> ITAHAR CONSUMERS CO OPERATIVE LIMITED
[2026-07-17 15:45:03] User -> admin@pds | Wholesaler loaded from API -> SRI PRADYUT KUNDU
[2026-07-17 15:45:03] User -> admin@pds | Wholesaler loaded from API -> SUJAN CHANDRA ROY
[2026-07-17 15:45:03] User -> admin@pds | Wholesaler loaded from API -> SUKLA SAHA SARKAR A/C OF SANDHYA RANI SAHA
[2026-07-17 15:45:03] User -> admin@pds | Wholesaler loaded from API -> MS S P CHATTERJEE AND SONS
[2026-07-17 15:45:03] User -> admin@pds | Wholesaler loaded from API -> MS ADHIR CHANDRA KUNDU
[2026-07-17 15:45:03] User -> admin@pds | Wholesaler loaded from API -> SMT RINKU SAHA
[2026-07-17 15:45:03] User -> admin@pds | Wholesaler loaded from API -> SUKLA SAHA SARKAR
[2026-07-17 15:45:03] User -> admin@pds | Wholesaler loaded from API -> KUMARGANJ AGRICULTURE CO-OPERATIVE MARKETING SOCIETY LTD
[2026-07-17 15:45:03] User -> admin@pds | Wholesaler loaded from API -> TAPAN COOPERATIVE AMS LIMITED
[2026-07-17 15:45:03] User -> admin@pds | Wholesaler loaded from API -> RITA SARKAR A/C OF RITA SARKAR
[2026-07-17 15:45:03] User -> admin@pds | Wholesaler loaded from API -> SANGITA DAGA
[2026-07-17 15:45:03] User -> admin@pds | Wholesaler loaded from API -> GOBINDA KUNDU318
[2026-07-17 15:45:03] User -> admin@pds | Wholesaler loaded from API -> P K SARKAR & ASSOCIATES
[2026-07-17 15:45:03] User -> admin@pds | Wholesaler loaded from API -> SHREE RAGHUNATH JOSHI
[2026-07-17 15:45:03] User -> admin@pds | Wholesaler loaded from API -> RITA SARKAR
[2026-07-17 15:45:03] User -> admin@pds | Wholesaler loaded from API -> DIPAK AGARWALA
[2026-07-17 15:45:03] User -> admin@pds | Wholesaler loaded from API -> MS SITARAM AGARWALA AND  BROTHERS
[2026-07-17 15:45:03] User -> admin@pds | Wholesaler loaded from API -> SAMSI CO OPERATIVE MARKETING SOCIETY LTD.44
[2026-07-17 15:45:03] User -> admin@pds | Wholesaler loaded from API -> MS A. S. TRADERS
[2026-07-17 15:45:03] User -> admin@pds | Wholesaler loaded from API -> M/S GOPALJI PRASAD
[2026-07-17 15:45:03] User -> admin@pds | Wholesaler loaded from API -> MS MAMCHAND AGARWAL AND SONS
[2026-07-17 15:45:03] User -> admin@pds | Wholesaler loaded from API -> MS JAGANNATH  AGARWALA AND SONS
[2026-07-17 15:45:03] User -> admin@pds | Wholesaler loaded from API -> M/S RAMESHWAR PRASAD
[2026-07-17 15:45:03] User -> admin@pds | Wholesaler loaded from API -> M/S UNITED YOUTHS
[2026-07-17 15:45:03] User -> admin@pds | Wholesaler loaded from API -> M/S RAMAYAN PROSAD
[2026-07-17 15:45:03] User -> admin@pds | Wholesaler loaded from API -> MS N M KHAN42
[2026-07-17 15:45:03] User -> admin@pds | Wholesaler loaded from API -> MS MD. TAFAZZAL HOSSAIN
[2026-07-17 15:45:03] User -> admin@pds | Wholesaler loaded from API -> MS G. K. CHOWDHURY AND SONS
[2026-07-17 15:45:03] User -> admin@pds | Wholesaler loaded from API -> MS LUTFAR RAHAMAN
[2026-07-17 15:45:03] User -> admin@pds | Wholesaler loaded from API -> M/S JANAKI NATH STORES
[2026-07-17 15:45:03] User -> admin@pds | Wholesaler loaded from API -> MALDA WHOLESALE CONSUMER CO OPERATIVE SOCIETY LTD.
[2026-07-17 15:45:03] User -> admin@pds | Wholesaler loaded from API -> M/S A. B. MIA AND SONS
[2026-07-17 15:45:03] User -> admin@pds | Wholesaler loaded from API -> M/S ABDUL MAJID MIA AND SONS
[2026-07-17 15:45:03] User -> admin@pds | Wholesaler loaded from API -> MS HARIHAR DAS AND SONS
[2026-07-17 15:45:03] User -> admin@pds | Wholesaler loaded from API -> MS MD. ATAUR RAHMAN
[2026-07-17 15:45:03] User -> admin@pds | Wholesaler loaded from API -> TARKESWAR PRASAD SAHA
[2026-07-17 15:45:03] User -> admin@pds | Wholesaler loaded from API -> MS. KULTALI FOOD MARKETING PVT. LTD.
[2026-07-17 15:45:03] User -> admin@pds | Wholesaler loaded from API -> BIJAY SANKAR NANDI
[2026-07-17 15:45:03] User -> admin@pds | Wholesaler loaded from API -> MS AMIRUDDIN CHOWDHURY AND SONS
[2026-07-17 15:45:03] User -> admin@pds | Wholesaler loaded from API -> PARBATI SANKAR NANDI
[2026-07-17 15:45:03] User -> admin@pds | Wholesaler loaded from API -> MS SK MAHAMMAD ALI AND  SONS
[2026-07-17 15:45:03] User -> admin@pds | Wholesaler loaded from API -> SETARA BEGAM
[2026-07-17 15:45:03] User -> admin@pds | Wholesaler loaded from API -> NATIONAL CONSUMERS CO-OPERATIVE STORES LTD.
[2026-07-17 15:45:03] User -> admin@pds | Wholesaler loaded from API -> MD BASIR ALI
[2026-07-17 15:45:03] User -> admin@pds | Wholesaler loaded from API -> M/S DHIRENDRA NATH GHOSH & SONS
[2026-07-17 15:45:03] User -> admin@pds | Wholesaler loaded from API -> SIBPROSAD DAS
[2026-07-17 15:45:03] User -> admin@pds | Wholesaler loaded from API -> MS MOHANLAL JAIN867
[2026-07-17 15:45:03] User -> admin@pds | Wholesaler loaded from API -> MS RATNAKAR GHOSH
[2026-07-17 15:45:03] User -> admin@pds | Wholesaler loaded from API -> SAGARDIGHI THANA AGRI MARKETING CO-OPERATIVE SOCIETY LTD
[2026-07-17 15:45:03] User -> admin@pds | Wholesaler loaded from API -> DEBABRATA LAHA
[2026-07-17 15:45:03] User -> admin@pds | Wholesaler loaded from API -> M/S BISWANATH SAHA & OTHERS
[2026-07-17 15:45:03] User -> admin@pds | Wholesaler loaded from API -> PRASANTA KUMAR DUTT A
[2026-07-17 15:45:03] User -> admin@pds | Wholesaler loaded from API -> M/S MAHAMMAD ALI & SONS
[2026-07-17 15:45:03] User -> admin@pds | Wholesaler loaded from API -> NEMAI CHANDRA DAS
[2026-07-17 15:45:03] User -> admin@pds | Wholesaler loaded from API -> MS MAMTAJ BEGUM AND SONS
[2026-07-17 15:45:03] User -> admin@pds | Wholesaler loaded from API -> MD. JANEALAM MOMIN AND SONS
[2026-07-17 15:45:03] User -> admin@pds | Wholesaler loaded from API -> TAHAJUDDIN  BISWAS
[2026-07-17 15:45:03] User -> admin@pds | Wholesaler loaded from API -> M/S SOHANLAL ABHAY KUMAR
[2026-07-17 15:45:03] User -> admin@pds | Wholesaler loaded from API -> MS NAGARMAL MAHABIRPROSAD BGOLA
[2026-07-17 15:45:03] User -> admin@pds | Wholesaler loaded from API -> M/S LALBAGH TRADERS
[2026-07-17 15:45:03] User -> admin@pds | Wholesaler loaded from API -> M/S DUTTA BROTHERS
[2026-07-17 15:45:03] User -> admin@pds | Wholesaler loaded from API -> M/S NAGARMALL MAHABIR PRASAD (MAHABIRPRASAD OMPRAKASH)
[2026-07-17 15:45:03] User -> admin@pds | Wholesaler loaded from API -> M/S GANGADHAR AGARWALLA AND SONS
[2026-07-17 15:45:03] User -> admin@pds | Wholesaler loaded from API -> MURSHIDABAD WHOLESALE CONSUMERS CO-OPERATIVE SOCIETY LTD
[2026-07-17 15:45:03] User -> admin@pds | Wholesaler loaded from API -> SANJAY KUMAR AGARWALLA
[2026-07-17 15:45:03] User -> admin@pds | Wholesaler loaded from API -> BIJAY SANKAR NANDI NOWDA
[2026-07-17 15:45:03] User -> admin@pds | Wholesaler loaded from API -> UDYOG TRADERS
[2026-07-17 15:45:03] User -> admin@pds | Wholesaler loaded from API -> SAHARUKH  BISWAS
[2026-07-17 15:45:03] User -> admin@pds | Wholesaler loaded from API -> NARGIS TANJIMA BISWAS
[2026-07-17 15:45:03] User -> admin@pds | Wholesaler loaded from API -> M/S PRAHLAD ENTERPRISE
[2026-07-17 15:45:03] User -> admin@pds | Wholesaler loaded from API -> KAJAL DUTTA
[2026-07-17 15:45:03] User -> admin@pds | Wholesaler loaded from API -> SOUMITRA MONDAL
[2026-07-17 15:45:03] User -> admin@pds | Wholesaler loaded from API -> M/S JOYGURU TRADERS BOLPUR
[2026-07-17 15:45:03] User -> admin@pds | Wholesaler loaded from API -> M/S LAKSHMI NARAYAN AGENCY  BOLPUR
[2026-07-17 15:45:03] User -> admin@pds | Wholesaler loaded from API -> M/S JOY DURGA TRADING CONCERN BOLPUR
[2026-07-17 15:45:03] User -> admin@pds | Wholesaler loaded from API -> M/S DAS AND SONS KIRNAHAR
[2026-07-17 15:45:03] User -> admin@pds | Wholesaler loaded from API -> NANOOR THANA CO OPT  AMS LTD  KIRNAHAR
[2026-07-17 15:45:03] User -> admin@pds | Wholesaler loaded from API -> APURBADHAN HALDER  RAMPURHAT
[2026-07-17 15:45:03] User -> admin@pds | Wholesaler loaded from API -> MADAN MOHAN DUTTA AND SONS  NALHATI
[2026-07-17 15:45:03] User -> admin@pds | Wholesaler loaded from API -> DHARAMPUR SSSS LTD  NALHATI
[2026-07-17 15:45:03] User -> admin@pds | Wholesaler loaded from API -> MS  AMBIKA PRASAD BHAKAT AND BROS  LOHAPUR
[2026-07-17 15:45:03] User -> admin@pds | Wholesaler loaded from API -> ANUVA LUNIA  KOTASUR
[2026-07-17 15:45:03] User -> admin@pds | Wholesaler loaded from API -> SANJAY BOTHRA A/C OF RAMPURHAT CO OPT  L S M S LTD RAMPURHAT
[2026-07-17 15:45:03] User -> admin@pds | Wholesaler loaded from API -> MD  BASIRUL HASSAN  KUSHMORE
[2026-07-17 15:45:03] User -> admin@pds | Wholesaler loaded from API -> TAPAS KUMAR ROY  MALLARPUR
[2026-07-17 15:45:03] User -> admin@pds | Wholesaler loaded from API -> SANJAY BOTHRA
[2026-07-17 15:45:03] User -> admin@pds | Wholesaler loaded from API -> MS  THAKUR PRASAD KESHRI AND SONS
[2026-07-17 15:45:03] User -> admin@pds | Wholesaler loaded from API -> SANJOY KESHRI
[2026-07-17 15:45:03] User -> admin@pds | Wholesaler loaded from API -> AMIT  SINGHA
[2026-07-17 15:45:03] User -> admin@pds | Wholesaler loaded from API -> PIYUSH UDESHI
[2026-07-17 15:45:03] User -> admin@pds | Wholesaler loaded from API -> SANDHYA DEY AND SONS
[2026-07-17 15:45:03] User -> admin@pds | Wholesaler loaded from API -> NURUL ISLAM
[2026-07-17 15:45:03] User -> admin@pds | Wholesaler loaded from API -> BAKRESWAR TRADING CO  DUBRAJPUR
[2026-07-17 15:45:03] User -> admin@pds | Wholesaler loaded from API -> ALOK KUMAR CHOUDHURY  KHAYRASOLE
[2026-07-17 15:45:03] User -> admin@pds | Wholesaler loaded from API -> DUBRAJPUR CO OPT AMS LTD
[2026-07-17 15:45:03] User -> admin@pds | Wholesaler loaded from API -> MS CHOWDHURY AND SONS  DUBRAJPUR
[2026-07-17 15:45:03] User -> admin@pds | Wholesaler loaded from API -> M/S SANJOY KUMAR MANDAL
[2026-07-17 15:45:03] User -> admin@pds | Wholesaler loaded from API -> SK MOZAMMAL HAQUE AND MT M BEGAM
[2026-07-17 15:45:03] User -> admin@pds | Wholesaler loaded from API -> M/S SAMBHUNATH DUTTA
[2026-07-17 15:45:03] User -> admin@pds | Wholesaler loaded from API -> MS  LOKENATH TRADERS  RAJNAGAR
[2026-07-17 15:45:03] User -> admin@pds | Wholesaler loaded from API -> M/S JOY JAGANNATH TRADING AND CO SURI
[2026-07-17 15:45:03] User -> admin@pds | Wholesaler loaded from API -> MS SHAW AND CO
[2026-07-17 15:45:03] User -> admin@pds | Wholesaler loaded from API -> MS RITESH TRADERS560
[2026-07-17 15:45:03] User -> admin@pds | Wholesaler loaded from API -> MS RITESH TRADERS560 A/C OF MS BAKRESWAR TRADERS
[2026-07-17 15:45:03] User -> admin@pds | Wholesaler loaded from API -> MS RITESH TRADERS560 A/C OF MS BANSAL TRADING COMPANY
[2026-07-17 15:45:03] User -> admin@pds | Wholesaler loaded from API -> MS KANAI CHANDRA GHANTY A/C OF HARI NARAYAN AGARWALA
[2026-07-17 15:45:03] User -> admin@pds | Wholesaler loaded from API -> MS SARBAMANGOLA AGENCY
[2026-07-17 15:45:03] User -> admin@pds | Wholesaler loaded from API -> MS KANAI CHANDRA GHANTY
[2026-07-17 15:45:03] User -> admin@pds | Wholesaler loaded from API -> M/S KRISHNA TRADERS
[2026-07-17 15:45:03] User -> admin@pds | Wholesaler loaded from API -> M/S KRISHNA TRADERS A/C OF M/S PANNALAL GUPTA
[2026-07-17 15:45:03] User -> admin@pds | Wholesaler loaded from API -> M/S KRISHNA TRADERS A/C OF M/S KRISHNA TRADERS
[2026-07-17 15:45:03] User -> admin@pds | Wholesaler loaded from API -> HRISHIKESH DAS
[2026-07-17 15:45:03] User -> admin@pds | Wholesaler loaded from API -> RIYA CHATTERJEE
[2026-07-17 15:45:03] User -> admin@pds | Wholesaler loaded from API -> MS KALIMATA TRADING CO.
[2026-07-17 15:45:03] User -> admin@pds | Wholesaler loaded from API -> M/S SUJIT BISWAS
[2026-07-17 15:45:03] User -> admin@pds | Wholesaler loaded from API -> MS B. L. NATH MAJUMDER
[2026-07-17 15:45:03] User -> admin@pds | Wholesaler loaded from API -> MS. MONDAL BROTHERS
[2026-07-17 15:45:03] User -> admin@pds | Wholesaler loaded from API -> MS. ROY AND SAIN CO.
[2026-07-17 15:45:03] User -> admin@pds | Wholesaler loaded from API -> ARIJIT SINHA
[2026-07-17 15:45:03] User -> admin@pds | Wholesaler loaded from API -> M/S. MUZIBAR RAHAMAN
[2026-07-17 15:45:03] User -> admin@pds | Wholesaler loaded from API -> M/S NATHMALL MOHANLAL
[2026-07-17 15:45:03] User -> admin@pds | Wholesaler loaded from API -> M/S. MUZIBAR RAHAMAN A/C OF SRI KANAIA PROSAD AGARWALLA
[2026-07-17 15:45:03] User -> admin@pds | Wholesaler loaded from API -> MONGALKOTE THANA CO-OPERATIVE AGRICULTURAL MARKETING SOCIETY LTD.
[2026-07-17 15:45:03] User -> admin@pds | Wholesaler loaded from API -> CHANAK UNION CO OPT. AGRICULTRAL CREDIT SOCIETY LT
[2026-07-17 15:45:03] User -> admin@pds | Wholesaler loaded from API -> M/S GHOSH BROTHERS.
[2026-07-17 15:45:03] User -> admin@pds | Wholesaler loaded from API -> MITHU KARMAKAR
[2026-07-17 15:45:03] User -> admin@pds | Wholesaler loaded from API -> SONAI FOOD MARKETING PVT. LTD.
[2026-07-17 15:45:03] User -> admin@pds | Wholesaler loaded from API -> BURDWAN WHOLESALE CONSUMERS’ CO-OPERATIVE SOCIETY LTD.
[2026-07-17 15:45:03] User -> admin@pds | Wholesaler loaded from API -> BURDWAN WHOLESALE CONSUMERS’ CO-OPERATIVE SOCIETY LTD. A/C OF M/S DN CHOWDHURYPROF SCHOWDHURY EN
[2026-07-17 15:45:03] User -> admin@pds | Wholesaler loaded from API -> M/S BIBHUTI BHUSAN TAH (PROP-SUSHANTA KUMAR TAH)
[2026-07-17 15:45:03] User -> admin@pds | Wholesaler loaded from API -> DULAL CHANDRA GUPTA EN
[2026-07-17 15:45:03] User -> admin@pds | Wholesaler loaded from API -> M/S ROY ENTERPRISE
[2026-07-17 15:45:03] User -> admin@pds | Wholesaler loaded from API -> K S MONDOL EN
[2026-07-17 15:45:03] User -> admin@pds | Wholesaler loaded from API -> BHATAR SAMABAY SASYA UTPADAN ‘O’ BIPANAN SAMITY LIMITED
[2026-07-17 15:45:03] User -> admin@pds | Wholesaler loaded from API -> ANANDAMOYEE ENT A/C S P NAYEK EN
[2026-07-17 15:45:03] User -> admin@pds | Wholesaler loaded from API -> MS BALAI CHANDRA AUDDYA 
[2026-07-17 15:45:03] User -> admin@pds | Wholesaler loaded from API -> K S MONDOL EN A/C OF SUSANTA KUMAR MONDAL
[2026-07-17 15:45:03] User -> admin@pds | Wholesaler loaded from API -> AUSGRAM BLOCK II COOPERATIVE AGRICULTURAL MARKETING SOCIETY LTD.
[2026-07-17 15:45:03] User -> admin@pds | Wholesaler loaded from API -> ANANDAMOYEE ENT A/C S P NAYEK EN A/C OF ANANDAMOYEE ENT A/C S P NAYEK EN
[2026-07-17 15:45:03] User -> admin@pds | Wholesaler loaded from API -> AUSGRAM BLOCK II COOPERATIVE AGRICULTURAL MARKETING SOCIETY LTD. A/C OF M/S PANNALAL GUPTA
[2026-07-17 15:45:03] User -> admin@pds | Wholesaler loaded from API -> M/S DAMODAR ENTERPRISE
[2026-07-17 15:45:03] User -> admin@pds | Wholesaler loaded from API -> M/S GOPAL CHANDRA SAW
[2026-07-17 15:45:03] User -> admin@pds | Wholesaler loaded from API -> MS T.C DUTTA AND SONS EN
[2026-07-17 15:45:03] User -> admin@pds | Wholesaler loaded from API -> M S A.N DUTTA AND BROS 
[2026-07-17 15:45:03] User -> admin@pds | Wholesaler loaded from API -> UDAY CHAND MONDOL EN
[2026-07-17 15:45:03] User -> admin@pds | Wholesaler loaded from API -> GOPALPUR S.K.U.S EN
[2026-07-17 15:45:03] User -> admin@pds | Wholesaler loaded from API -> M/S G.K ENTERPRISE EN
[2026-07-17 15:45:03] User -> admin@pds | Wholesaler loaded from API -> SAKTI PARAMANICK 
[2026-07-17 15:45:03] User -> admin@pds | Wholesaler loaded from API -> M/S K.K. BHOWMIK AND BROS.(HARINGHATA)
[2026-07-17 15:45:03] User -> admin@pds | Wholesaler loaded from API -> M/S K.K. BHOWMIK AND BROS.(NAGARUKHRA)
[2026-07-17 15:45:03] User -> admin@pds | Wholesaler loaded from API -> SMT. MINU BISWAS
[2026-07-17 15:45:03] User -> admin@pds | Wholesaler loaded from API -> MS ANNAKUT 
[2026-07-17 15:45:03] User -> admin@pds | Wholesaler loaded from API -> PROVASH KUMAR DAS
[2026-07-17 15:45:03] User -> admin@pds | Wholesaler loaded from API -> SMT KABERI BASU AND JHARNA DEY
[2026-07-17 15:45:03] User -> admin@pds | Wholesaler loaded from API -> SHIBU DUTTA
[2026-07-17 15:45:03] User -> admin@pds | Wholesaler loaded from API -> TAPAN KUMAR BISWAS
[2026-07-17 15:45:03] User -> admin@pds | Wholesaler loaded from API -> MS DAS AND MANDAL CO.384384
[2026-07-17 15:45:03] User -> admin@pds | Wholesaler loaded from API -> THE SANTIPUR RETRADING CO-OPERATIVE SOCIETY LTD386
[2026-07-17 15:45:03] User -> admin@pds | Wholesaler loaded from API -> M/S ROY ENTERPRISE
[2026-07-17 15:45:03] User -> admin@pds | Wholesaler loaded from API -> BIPUL KUMAR BISWAS
[2026-07-17 15:45:03] User -> admin@pds | Wholesaler loaded from API -> SUKRITI BASAK 401401401
[2026-07-17 15:45:03] User -> admin@pds | Wholesaler loaded from API -> SIDDHESWAR BISWAS
[2026-07-17 15:45:03] User -> admin@pds | Wholesaler loaded from API -> SUJIT SARKAR AND SUNITA SARKAR
[2026-07-17 15:45:03] User -> admin@pds | Wholesaler loaded from API -> SMT. SHYAMALI NANDY A/C OF SMT BHABANI DAS
[2026-07-17 15:45:03] User -> admin@pds | Wholesaler loaded from API -> SOUMEN MONDAL
[2026-07-17 15:45:03] User -> admin@pds | Wholesaler loaded from API -> MS BISWANATH PAL AND  ORS
[2026-07-17 15:45:03] User -> admin@pds | Wholesaler loaded from API -> SMT. SHYAMALI NANDY
[2026-07-17 15:45:03] User -> admin@pds | Wholesaler loaded from API -> NAZIRPUR SKUS LTD
[2026-07-17 15:45:03] User -> admin@pds | Wholesaler loaded from API -> SANTIPUR BARABAZAR MOFUSSIL BYABASAYEE SAMITY1062
[2026-07-17 15:45:03] User -> admin@pds | Wholesaler loaded from API -> SRI SOURAV AGARWALA
[2026-07-17 15:45:03] User -> admin@pds | Wholesaler loaded from API -> ANIL AGARWALLA
[2026-07-17 15:45:03] User -> admin@pds | Wholesaler loaded from API -> M/S S.S.SAHA AND SONS
[2026-07-17 15:45:03] User -> admin@pds | Wholesaler loaded from API -> M/S SUBODH KUMAR ROY
[2026-07-17 15:45:03] User -> admin@pds | Wholesaler loaded from API -> SOVA CHOWDHURY
[2026-07-17 15:45:03] User -> admin@pds | Wholesaler loaded from API -> MS DOAT ALI MONDAL AND SONS
[2026-07-17 15:45:03] User -> admin@pds | Wholesaler loaded from API -> M/S SITARAM KHAITAN AND SONS
[2026-07-17 15:45:03] User -> admin@pds | Wholesaler loaded from API -> M/S A.K. SAHA AND S.R. SAHA
[2026-07-17 15:45:03] User -> admin@pds | Wholesaler loaded from API -> M/S S. SANYAL AND ORS
[2026-07-17 15:45:03] User -> admin@pds | Wholesaler loaded from API -> M/S JAGABANDHU SAHA AND SONS
[2026-07-17 15:45:03] User -> admin@pds | Wholesaler loaded from API -> M/S ASHA LATA CHAKRABARTY AND OTHERS
[2026-07-17 15:45:03] User -> admin@pds | Wholesaler loaded from API -> MS H.L. AGARWALLA AND SONS
[2026-07-17 15:45:03] User -> admin@pds | Wholesaler loaded from API -> MS INDRA CHAND AGARWALLA
[2026-07-17 15:45:03] User -> admin@pds | Wholesaler loaded from API -> M/S D.P. CHATTERJEE AND SONS
[2026-07-17 15:45:03] User -> admin@pds | Wholesaler loaded from API -> RAJIB TARAFDAR
[2026-07-17 15:45:03] User -> admin@pds | Wholesaler loaded from API -> NABADWIP WHOLESALE CONSUMER CO-OPT. SOCIETY LTD.
[2026-07-17 15:45:03] User -> admin@pds | Wholesaler loaded from API -> SK HASIBUL ISLAM
[2026-07-17 15:45:03] User -> admin@pds | Wholesaler loaded from API -> M/S N. PAUL AND CO.
[2026-07-17 15:45:03] User -> admin@pds | Wholesaler loaded from API -> ANIL SINGHANIA
[2026-07-17 15:45:03] User -> admin@pds | Wholesaler loaded from API -> HABRA MULTIPURPOSE AGRICULTURE MARKETING CO OPERAT
[2026-07-17 15:45:03] User -> admin@pds | Wholesaler loaded from API -> MS KIRON SANKAR DEY AND ORS
[2026-07-17 15:45:03] User -> admin@pds | Wholesaler loaded from API -> M/S S.K. ROY AND  P.K. ROY
[2026-07-17 15:45:03] User -> admin@pds | Wholesaler loaded from API -> M/S UNITED DISTRIBUTOR
[2026-07-17 15:45:03] User -> admin@pds | Wholesaler loaded from API -> BARASAT WHOLESALE CONSUMERS
[2026-07-17 15:45:03] User -> admin@pds | Wholesaler loaded from API -> M/S ASHOKENAGAR TRADERS
[2026-07-17 15:45:03] User -> admin@pds | Wholesaler loaded from API -> SMT SUCHITRA SARDA
[2026-07-17 15:45:03] User -> admin@pds | Wholesaler loaded from API -> M/S UNITED SUPPLIES
[2026-07-17 15:45:03] User -> admin@pds | Wholesaler loaded from API -> SRI PARIMAL KUMAR GHOSH
[2026-07-17 15:45:03] User -> admin@pds | Wholesaler loaded from API -> M/S K.P. ROY
[2026-07-17 15:45:03] User -> admin@pds | Wholesaler loaded from API -> SRI GURUDAS PAUL A/C OF M/S ANIL KRISHNA BISWA
[2026-07-17 15:45:03] User -> admin@pds | Wholesaler loaded from API -> SRI BALARAM SARKAR
[2026-07-17 15:45:03] User -> admin@pds | Wholesaler loaded from API -> M/S ANJAN KUNDU
[2026-07-17 15:45:03] User -> admin@pds | Wholesaler loaded from API -> SRI DHANANJOY KUNDU
[2026-07-17 15:45:03] User -> admin@pds | Wholesaler loaded from API -> MD OHIDULLAH
[2026-07-17 15:45:03] User -> admin@pds | Wholesaler loaded from API -> RASHEK MONDAL
[2026-07-17 15:45:03] User -> admin@pds | Wholesaler loaded from API -> BASIRHAT WHOLESALE
[2026-07-17 15:45:03] User -> admin@pds | Wholesaler loaded from API -> SMT. ANINDITA BHOWMIK BAZ
[2026-07-17 15:45:03] User -> admin@pds | Wholesaler loaded from API -> SRI GURUDAS PAUL
[2026-07-17 15:45:03] User -> admin@pds | Wholesaler loaded from API -> RASHEK MONDAL A/C OF SRI SATYA RANJAN BANIK
[2026-07-17 15:45:03] User -> admin@pds | Wholesaler loaded from API -> SRI GOURANGA SADHUKHAN
[2026-07-17 15:45:03] User -> admin@pds | Wholesaler loaded from API -> SRI RABIN PROSAD GUPTA
[2026-07-17 15:45:03] User -> admin@pds | Wholesaler loaded from API -> M/S DURGA BHANDER
[2026-07-17 15:45:03] User -> admin@pds | Wholesaler loaded from API -> MS RADHAPADA GHOSH
[2026-07-17 15:45:03] User -> admin@pds | Wholesaler loaded from API -> MS MONORANJAN SINHA
[2026-07-17 15:45:03] User -> admin@pds | Wholesaler loaded from API -> MS SATYA NARAYAN BHANDER
[2026-07-17 15:45:03] User -> admin@pds | Wholesaler loaded from API -> SRI SANDIP CHAKRABORTY
[2026-07-17 15:45:03] User -> admin@pds | Wholesaler loaded from API -> MS MONORANJAN SINHA A/C OF MS MONORANJAN SINHA
[2026-07-17 15:45:03] User -> admin@pds | Wholesaler loaded from API -> M/S HARIDAS BANERJEE
[2026-07-17 15:45:03] User -> admin@pds | Wholesaler loaded from API -> MS DAW BROTHERS.
[2026-07-17 15:45:03] User -> admin@pds | Wholesaler loaded from API -> BONGAON CENTRAL CO OPERATIVE SOCIETY
[2026-07-17 15:45:03] User -> admin@pds | Wholesaler loaded from API -> GAIGHATA THANA AGRICULTURE PRIMARY MARKETING CO OP
[2026-07-17 15:45:03] User -> admin@pds | Wholesaler loaded from API -> BONGAON CENTRAL CO OPERATIVE SOCIETY A/C OF GAIGHATA THANA AGRICULTURE PRIMARY MARKETING CO OP
[2026-07-17 15:45:03] User -> admin@pds | Wholesaler loaded from API -> BAGDAH BLOCK MARKETING CO OPERATIVE SOCIETY LTD.
[2026-07-17 15:45:03] User -> admin@pds | Wholesaler loaded from API -> SREE LAXMI BHANDER
[2026-07-17 15:45:03] User -> admin@pds | Wholesaler loaded from API -> M/S. SHIV SANKAR MANDAL AND OTHERS
[2026-07-17 15:45:03] User -> admin@pds | Wholesaler loaded from API -> M/S. SARADA BHANDAR
[2026-07-17 15:45:03] User -> admin@pds | Wholesaler loaded from API -> MS. PANCHANAN DWARI AND COMPANY.
[2026-07-17 15:45:03] User -> admin@pds | Wholesaler loaded from API -> M/S. MAHAMAYA BHANDAR
[2026-07-17 15:45:03] User -> admin@pds | Wholesaler loaded from API -> KHANAKUL COOPERATIVE MARKETING SOCIETY LIMITED
[2026-07-17 15:45:03] User -> admin@pds | Wholesaler loaded from API -> MESSRS. S.P. KUNDU  AND BROTHERS11511151
[2026-07-17 15:45:03] User -> admin@pds | Wholesaler loaded from API -> MESSRS. SAKTI PADA KUNDU
[2026-07-17 15:45:03] User -> admin@pds | Wholesaler loaded from API -> MESSRS. AMULYA CHARAN SADHUKHAN GANESH CHANDRA SAD
[2026-07-17 15:45:03] User -> admin@pds | Wholesaler loaded from API -> SHRI KALYAN NEOGI1159
[2026-07-17 15:45:03] User -> admin@pds | Wholesaler loaded from API -> BAPPADITYA SEN
[2026-07-17 15:45:03] User -> admin@pds | Wholesaler loaded from API -> DILIP KUMAR MANDAL
[2026-07-17 15:45:03] User -> admin@pds | Wholesaler loaded from API -> M/S. RABINDRANATH SADHUKHAN AND COMPANY.
[2026-07-17 15:45:03] User -> admin@pds | Wholesaler loaded from API -> DIPAK AHIR
[2026-07-17 15:45:03] User -> admin@pds | Wholesaler loaded from API -> SINGUR THANA L.S.P.A. COOPERATIVE SOCIETY LIMITED
[2026-07-17 15:45:03] User -> admin@pds | Wholesaler loaded from API -> PRABIR KUMAR BAUL
[2026-07-17 15:45:03] User -> admin@pds | Wholesaler loaded from API -> D.C BISWAS & OTHERS
[2026-07-17 15:45:03] User -> admin@pds | Wholesaler loaded from API -> DEBESH PRASAD BHAGAT
[2026-07-17 15:45:03] User -> admin@pds | Wholesaler loaded from API -> KEDAR NATH KUNDU
[2026-07-17 15:45:03] User -> admin@pds | Wholesaler loaded from API -> PANCHANA FOOD SUPPLY AND COMPANY
[2026-07-17 15:45:03] User -> admin@pds | Wholesaler loaded from API -> DEB KUMAR KUNDU
[2026-07-17 15:45:03] User -> admin@pds | Wholesaler loaded from API -> SANTANU SAHA
[2026-07-17 15:45:03] User -> admin@pds | Wholesaler loaded from API -> DINESH KUMAR PERIWAL
[2026-07-17 15:45:03] User -> admin@pds | Wholesaler loaded from API -> MRS. KALPANA DHAK
[2026-07-17 15:45:03] User -> admin@pds | Wholesaler loaded from API -> SRI MANABENDRA DAS
[2026-07-17 15:45:03] User -> admin@pds | Wholesaler loaded from API -> M/S. PARESH CHANDRA PAUL AND OTHERS
[2026-07-17 15:45:03] User -> admin@pds | Wholesaler loaded from API -> NETAI CHANDRA SABUI AND COMPANY
[2026-07-17 15:45:03] User -> admin@pds | Wholesaler loaded from API -> SHIBNATH ROY AND BROTHERS DANKUNI CENTRE
[2026-07-17 15:45:03] User -> admin@pds | Wholesaler loaded from API -> M/S. PARESH CHANDRA PAUL AND OTHERS A/C OF SHIBNATH ROY AND BROTHERS DANKUNI CENTRE
[2026-07-17 15:45:03] User -> admin@pds | Wholesaler loaded from API -> SHRI KALYAN NEOGI1159 A/C OF M/S S.S. SHAW AND CO
[2026-07-17 15:45:03] User -> admin@pds | Wholesaler loaded from API -> SIBA PRASAD DALMIA
[2026-07-17 15:45:03] User -> admin@pds | Wholesaler loaded from API -> M/S NIRMAL KUMAR ROY
[2026-07-17 15:45:03] User -> admin@pds | Wholesaler loaded from API -> M/S SAMARENDRA NATH KUNDU
[2026-07-17 15:45:03] User -> admin@pds | Wholesaler loaded from API -> BANKURA WHOLESALE CONSUMERS CO OPERATIVE STORES LI
[2026-07-17 15:45:03] User -> admin@pds | Wholesaler loaded from API -> MAJI BROTHERS
[2026-07-17 15:45:03] User -> admin@pds | Wholesaler loaded from API -> M/S REPUBLIC TRADERS
[2026-07-17 15:45:03] User -> admin@pds | Wholesaler loaded from API -> M/S BABLU MONDAL
[2026-07-17 15:45:03] User -> admin@pds | Wholesaler loaded from API -> MS MATHURA NATH GARAI
[2026-07-17 15:45:03] User -> admin@pds | Wholesaler loaded from API -> INDAS THANA CO OPERATIVE STORES LIMITED
[2026-07-17 15:45:03] User -> admin@pds | Wholesaler loaded from API -> M/S DILIP KUMAR PAL A/C OF SADHAN KUMAR GHOSH
[2026-07-17 15:45:03] User -> admin@pds | Wholesaler loaded from API -> BANKURA WHOLESALE CONSUMERS CO OPERATIVE STORES LI
[2026-07-17 15:45:03] User -> admin@pds | Wholesaler loaded from API -> M/S DILIP KUMAR PAL
[2026-07-17 15:45:03] User -> admin@pds | Wholesaler loaded from API -> M/S DILIP KUMAR PAL A/C OF SIBNARAYAN SAHANA  AMAR SINGHA DATTA
[2026-07-17 15:45:03] User -> admin@pds | Wholesaler loaded from API -> SATYA KINKAR DE72
[2026-07-17 15:45:03] User -> admin@pds | Wholesaler loaded from API -> JAYPUR FARMERS SERVICE CO OPERATIVE STORES LIMITED
[2026-07-17 15:45:03] User -> admin@pds | Wholesaler loaded from API -> M/S PANCHANAN MALLICK& BROTHERS
[2026-07-17 15:45:03] User -> admin@pds | Wholesaler loaded from API -> AVINANDA GHOSH
[2026-07-17 15:45:03] User -> admin@pds | Wholesaler loaded from API -> SUNITA SINGHA
[2026-07-17 15:45:03] User -> admin@pds | Wholesaler loaded from API -> MADAN MOHAN MAJI
[2026-07-17 15:45:03] User -> admin@pds | Wholesaler loaded from API -> TAPAN KUMAR HALDER
[2026-07-17 15:45:03] User -> admin@pds | Wholesaler loaded from API -> UTTAM KUMAR MAHANTI
[2026-07-17 15:45:03] User -> admin@pds | Wholesaler loaded from API -> TARAPADA MAHAPATRA
[2026-07-17 15:45:03] User -> admin@pds | Wholesaler loaded from API -> SUNIL KUMAR DUTTA
[2026-07-17 15:45:03] User -> admin@pds | Wholesaler loaded from API -> M/S ANNAPURNA TRADERS
[2026-07-17 15:45:03] User -> admin@pds | Wholesaler loaded from API -> TAPAS KUMAR MAJI AND BROTHERS
[2026-07-17 15:45:03] User -> admin@pds | Wholesaler loaded from API -> MITTAL TRADING COMPANY
[2026-07-17 15:45:03] User -> admin@pds | Wholesaler loaded from API -> OMPRAKASH PANDEY
[2026-07-17 15:45:03] User -> admin@pds | Wholesaler loaded from API -> SHYAM SUNDAR BIJOY KUMAR
[2026-07-17 15:45:03] User -> admin@pds | Wholesaler loaded from API -> SUPRABHA CHANDRA
[2026-07-17 15:45:03] User -> admin@pds | Wholesaler loaded from API -> SANJAY SHAW
[2026-07-17 15:45:03] User -> admin@pds | Wholesaler loaded from API -> PRAKASH SHA
[2026-07-17 15:45:03] User -> admin@pds | Wholesaler loaded from API -> ARSHA FOOD SUPPLY PRIVATE LIMITED1155
[2026-07-17 15:45:03] User -> admin@pds | Wholesaler loaded from API -> M/S PURUSHOTTAMDAS JHUNJHUNWALA
[2026-07-17 15:45:03] User -> admin@pds | Wholesaler loaded from API -> B.T.L.S. C.A.M.S. LIMITED
[2026-07-17 15:45:03] User -> admin@pds | Wholesaler loaded from API -> M/S LAKSHMI NARAYAN CHOWDHURY
[2026-07-17 15:45:03] User -> admin@pds | Wholesaler loaded from API -> SK MD YASIN
[2026-07-17 15:45:03] User -> admin@pds | Wholesaler loaded from API -> MS ANCHALICK FOOD SUPPLY AGENCY A/C OF M/S S P SAHA
[2026-07-17 15:45:03] User -> admin@pds | Wholesaler loaded from API -> SK ABDUS SALAM
[2026-07-17 15:45:03] User -> admin@pds | Wholesaler loaded from API -> M/S SITAL PRASAD SAHA
[2026-07-17 15:45:03] User -> admin@pds | Wholesaler loaded from API -> MS ANCHALICK FOOD SUPPLY AGENCY A/C OF M/S ANCHALICK FOOD SUPPLY AGENCY (SARENGA)
[2026-07-17 15:45:03] User -> admin@pds | Wholesaler loaded from API -> AJOY NATH YADAV
[2026-07-17 15:45:03] User -> admin@pds | Wholesaler loaded from API -> MS ANCHALICK FOOD SUPPLY AGENCY
[2026-07-17 15:45:03] User -> admin@pds | Wholesaler loaded from API -> SANJAY  MONDAL
[2026-07-17 15:45:03] User -> admin@pds | Wholesaler loaded from API -> SANATAN PRADHAN
[2026-07-17 15:45:03] User -> admin@pds | Wholesaler loaded from API -> SUDPITA MONDAL
[2026-07-17 15:45:03] User -> admin@pds | Wholesaler loaded from API -> PINTU POLLEY
[2026-07-17 15:45:03] User -> admin@pds | Wholesaler loaded from API -> SANDIP GARAI
[2026-07-17 15:45:03] User -> admin@pds | Wholesaler loaded from API -> M/S BATA KRISHNO GHOSH
[2026-07-17 15:45:03] User -> admin@pds | Wholesaler loaded from API -> LAXMI NARAYAN STORES
[2026-07-17 15:45:03] User -> admin@pds | Wholesaler loaded from API -> SUKUMAR MONDAL
[2026-07-17 15:45:03] User -> admin@pds | Wholesaler loaded from API -> M/S. M. M. DEYASHI AND B. C. SADHUKHAN
[2026-07-17 15:45:03] User -> admin@pds | Wholesaler loaded from API -> ANATH BANDHU MANDAL
[2026-07-17 15:45:03] User -> admin@pds | Wholesaler loaded from API -> M/S CHANDI MATA STORES
[2026-07-17 15:45:03] User -> admin@pds | Wholesaler loaded from API -> SREE TRADERS  SONARPUR (DR-KOLKATA SOUTH)
[2026-07-17 15:45:03] User -> admin@pds | Wholesaler loaded from API -> MS SREE TRADERS BARUIPUR MUNICIPALITY, 1. ARUP KUM
[2026-07-17 15:45:03] User -> admin@pds | Wholesaler loaded from API -> SUSHMITA GHOSH SEN
[2026-07-17 15:45:03] User -> admin@pds | Wholesaler loaded from API -> MADHUCHANDA MAJUMDAR
[2026-07-17 15:45:03] User -> admin@pds | Wholesaler loaded from API -> SUBHASH CH.MONDAL
[2026-07-17 15:45:03] User -> admin@pds | Wholesaler loaded from API -> M/S INTERCITY AGENCY
[2026-07-17 15:45:03] User -> admin@pds | Wholesaler loaded from API -> MS MOTILALA SHA
[2026-07-17 15:45:03] User -> admin@pds | Wholesaler loaded from API -> SMT. PRATIMA MONDAL
[2026-07-17 15:45:03] User -> admin@pds | Wholesaler loaded from API -> RADHAKRISHNA ROY
[2026-07-17 15:45:03] User -> admin@pds | Wholesaler loaded from API -> MS MOTILALA SHA A/C OF MS MOTILALA SHA
[2026-07-17 15:45:03] User -> admin@pds | Wholesaler loaded from API -> MS MADHUSUDAN ADHIKARI 
[2026-07-17 15:45:03] User -> admin@pds | Wholesaler loaded from API -> S.C.MONDAL AND SONS.1.DEB KUMAR MONDAL 2.SUKUMAR M
[2026-07-17 15:45:03] User -> admin@pds | Wholesaler loaded from API -> SYADA REHANA BEGUM
[2026-07-17 15:45:03] User -> admin@pds | Wholesaler loaded from API -> SRI DIBAKAR MAITY A/C OF MS. F.C.HALDER AND SONS
[2026-07-17 15:45:03] User -> admin@pds | Wholesaler loaded from API -> SRI DIBAKAR MAITY
[2026-07-17 15:45:03] User -> admin@pds | Wholesaler loaded from API -> NIRMALENDU KAYAL MATHURAPUR A/C OF MATHURAPUR L.S. COOPERATIVE LTD.
[2026-07-17 15:45:03] User -> admin@pds | Wholesaler loaded from API -> NIRMALENDU KAYAL MATHURAPUR
[2026-07-17 15:45:03] User -> admin@pds | Wholesaler loaded from API -> S.C.MONDAL AND SONS.1.DEB KUMAR MONDAL 2.SUKUMAR M A/C OF PRABIR KR. MONDAL
[2026-07-17 15:45:03] User -> admin@pds | Wholesaler loaded from API -> MS ANNAPURNA ENTERPRISE. GANESH PRASAD SHAW A/C OF S.S. MONDAL AND SONS
[2026-07-17 15:45:03] User -> admin@pds | Wholesaler loaded from API -> M/S. BATOKRISHNA CHAKRABOTY 
[2026-07-17 15:45:03] User -> admin@pds | Wholesaler loaded from API -> MD.ABDUS SAMAD FAKIR
[2026-07-17 15:45:03] User -> admin@pds | Wholesaler loaded from API -> M/S A.T. MONDAL
[2026-07-17 15:45:03] User -> admin@pds | Wholesaler loaded from API -> SANJIT PAL
[2026-07-17 15:45:03] User -> admin@pds | Wholesaler loaded from API -> MS ANNAPURNA ENTERPRISE. GANESH PRASAD SHAW
[2026-07-17 15:45:03] User -> admin@pds | Wholesaler loaded from API -> SHRI GANESH ENTERPRISES
[2026-07-17 15:45:03] User -> admin@pds | Wholesaler loaded from API -> MAHESHTALA AGRO FOOD PVT. LTD. A/C OF AMIT KUMAR BHAKAT1154
[2026-07-17 15:45:03] User -> admin@pds | Wholesaler loaded from API -> DEBAYAN MONDAL
[2026-07-17 15:45:03] User -> admin@pds | Wholesaler loaded from API -> MAHESHTALA AGRO FOOD PVT. LTD.
[2026-07-17 15:45:03] User -> admin@pds | Wholesaler loaded from API -> UNION FARMERS SERVICE COOPERATIVE SOCIETY LTD.
[2026-07-17 15:45:03] User -> admin@pds | Wholesaler loaded from API -> M/S SHAW ENTERPRISE
[2026-07-17 15:45:03] User -> admin@pds | Wholesaler loaded from API -> D.K. ENTERPRISE
[2026-07-17 15:45:03] User -> admin@pds | Wholesaler loaded from API -> MAHABIR TRADERS
[2026-07-17 15:45:03] User -> admin@pds | Wholesaler loaded from API -> TAPAS KUMAR ROY
[2026-07-17 15:45:03] User -> admin@pds | Wholesaler loaded from API -> BHASKAR CHANDRA GHOSH AND SONS
[2026-07-17 15:45:03] User -> admin@pds | Wholesaler loaded from API -> M/S B. L. AGENCY
[2026-07-17 15:45:03] User -> admin@pds | Wholesaler loaded from API -> RUMA ROY
[2026-07-17 15:45:03] User -> admin@pds | Wholesaler loaded from API -> MS KAMAL KUMAR MURARKA
[2026-07-17 15:45:03] User -> admin@pds | Wholesaler loaded from API -> SANTI NATH BANERJEE
[2026-07-17 15:45:03] User -> admin@pds | Wholesaler loaded from API -> DASPUR BLOCK ONE CO OPERATIVE A.M. SOCIETY LTD. GO
[2026-07-17 15:45:03] User -> admin@pds | Wholesaler loaded from API -> GOBINDA PRASAD CHOWDHURY
[2026-07-17 15:45:03] User -> admin@pds | Wholesaler loaded from API -> DASPUR BLOCK ONE CO OPERATIVE A.M. SOCIETY LTD. A/C OF SANJOY KUMAR GHOSH
[2026-07-17 15:45:03] User -> admin@pds | Wholesaler loaded from API -> GHATAL THANA CO OPERATIVE A.M. SOCIETY LTD.
[2026-07-17 15:45:03] User -> admin@pds | Wholesaler loaded from API -> DASPUR BLOCK ONE CO OPERATIVE A.M. SOCIETY LTD.
[2026-07-17 15:45:03] User -> admin@pds | Wholesaler loaded from API -> DILIP KUMAR SAHU
[2026-07-17 15:45:03] User -> admin@pds | Wholesaler loaded from API -> ASISH KUMAR KHATUA
[2026-07-17 15:45:03] User -> admin@pds | Wholesaler loaded from API -> SILDA TRADING SOCIETY
[2026-07-17 15:45:03] User -> admin@pds | Wholesaler loaded from API -> REBA LAHA
[2026-07-17 15:45:03] User -> admin@pds | Wholesaler loaded from API -> SATISH CHANDRA PAUL PROVASH CHANDRA PAUL
[2026-07-17 15:45:03] User -> admin@pds | Wholesaler loaded from API -> GUIN DEVELOPERS PVT. LTD.
[2026-07-17 15:45:03] User -> admin@pds | Wholesaler loaded from API -> PINTU AGARWAL
[2026-07-17 15:45:03] User -> admin@pds | Wholesaler loaded from API -> MS S.K.CHAKRABORTY
[2026-07-17 15:45:03] User -> admin@pds | Wholesaler loaded from API -> SATISH KUMAR MAHATA
[2026-07-17 15:45:03] User -> admin@pds | Wholesaler loaded from API -> MAHADEV LAL AGARWAL
[2026-07-17 15:45:03] User -> admin@pds | Wholesaler loaded from API -> M/S MAHAMAYA ENTERPRISE
[2026-07-17 15:45:03] User -> admin@pds | Wholesaler loaded from API -> MAGANLAL JADAVJI
[2026-07-17 15:45:03] User -> admin@pds | Wholesaler loaded from API -> BHARAT CHANDRA MAITY
[2026-07-17 15:45:03] User -> admin@pds | Wholesaler loaded from API -> MS LAXMI ENTERPRISE
[2026-07-17 15:45:03] User -> admin@pds | Wholesaler loaded from API -> MS SHREE LAKSHMI TRADING CENTRE651
[2026-07-17 15:45:03] User -> admin@pds | Wholesaler loaded from API -> DURGA TRADERS
[2026-07-17 15:45:03] User -> admin@pds | Wholesaler loaded from API -> AJOY BAKLI
[2026-07-17 15:45:03] User -> admin@pds | Wholesaler loaded from API -> HIMANGSHU KUNDU
[2026-07-17 15:45:03] User -> admin@pds | Wholesaler loaded from API -> GOBIND BEHARI YADAV
[2026-07-17 15:45:03] User -> admin@pds | Wholesaler loaded from API -> M/S GOURI PADA GIRI
[2026-07-17 15:45:03] User -> admin@pds | Wholesaler loaded from API -> SRI LAXMI ENTERPRISE
[2026-07-17 15:45:03] User -> admin@pds | Wholesaler loaded from API -> RAMESH AGARWALA
[2026-07-17 15:45:03] User -> admin@pds | Wholesaler loaded from API -> LILY DISTRIBUTOR
[2026-07-17 15:45:03] User -> admin@pds | Wholesaler loaded from API -> RAMNAGAR COOPT SOCIETY LTD.
[2026-07-17 15:45:03] User -> admin@pds | Wholesaler loaded from API -> RAMKRISHNA ENTERPRISE
[2026-07-17 15:45:03] User -> admin@pds | Wholesaler loaded from API -> SRI DURGA ENTERPRISE
[2026-07-17 15:45:03] User -> admin@pds | Wholesaler loaded from API -> DEVI MA SITALA ENTERPRISE
[2026-07-17 15:45:03] User -> admin@pds | Wholesaler loaded from API -> SUDHIR KUMAR PAL AND OTHERS
[2026-07-17 15:45:03] User -> admin@pds | Wholesaler loaded from API -> BIJOY LAKSHMI ENTERPRISE
[2026-07-17 15:45:03] User -> admin@pds | Wholesaler loaded from API -> SRI ANNAPURNA ENTERPRISE
[2026-07-17 15:45:03] User -> admin@pds | Wholesaler loaded from API -> MA KALI ENTERPRISE
[2026-07-17 15:45:03] User -> admin@pds | Wholesaler loaded from API -> ALAKA MANDAL
[2026-07-17 15:45:03] User -> admin@pds | Wholesaler loaded from API -> ANNAPURNA STORES
[2026-07-17 15:45:03] User -> admin@pds | Wholesaler loaded from API -> SOMESH SANTRA  RAMESH SANTRA
[2026-07-17 15:45:03] User -> admin@pds | Wholesaler loaded from API -> ANNAPURNA STORES A/C OF BANDANA PRAMANIK
[2026-07-17 15:45:03] User -> admin@pds | Wholesaler loaded from API -> NANDIGRAM CO-OPERATIVE MARKETING SOCIETY LTD
[2026-07-17 15:45:03] User -> admin@pds | Wholesaler loaded from API -> SANDIP SAMANTA
[2026-07-17 15:45:03] User -> admin@pds | Wholesaler loaded from API -> RAKESH PATTANAYAK A/C OF SUBHAS CHANDRA MONDAL TAMLUK
[2026-07-17 15:45:03] User -> admin@pds | Wholesaler loaded from API -> M/S ROHINI NANDAN KHANRA & OTHERS
[2026-07-17 15:45:03] User -> admin@pds | Wholesaler loaded from API -> M/S ROHINI NANDAN KHANRA & OTHERS A/C OF SUBHAS CHANDRA MONDAL MOYNA
[2026-07-17 15:45:03] User -> admin@pds | Wholesaler loaded from API -> RAKESH PATTANAYAK
[2026-07-17 15:45:03] User -> admin@pds | Wholesaler loaded from API -> PAPIYA ENTERPRISE
[2026-07-17 15:45:03] User -> admin@pds | Wholesaler loaded from API -> SHREE KRISHNA ENTERPRISE
[2026-07-17 15:45:03] User -> admin@pds | Wholesaler loaded from API -> BISWAJIT SAHANA
[2026-07-17 15:45:03] User -> admin@pds | Wholesaler loaded from API -> M/S. N.C. MAHATO A/C OF M/S. N.C. MAHATO
[2026-07-17 15:45:03] User -> admin@pds | Wholesaler loaded from API -> M/S. N.C. MAHATO
[2026-07-17 15:45:03] User -> admin@pds | Wholesaler loaded from API -> KAILASH PATI SAH248
[2026-07-17 15:45:03] User -> admin@pds | Wholesaler loaded from API -> BISWANATH AGARWAL
[2026-07-17 15:45:03] User -> admin@pds | Wholesaler loaded from API -> SMT. RENU DEVI KATARUKA
[2026-07-17 15:45:03] User -> admin@pds | Wholesaler loaded from API -> MS. PURANMAL AGARWALA
[2026-07-17 15:45:03] User -> admin@pds | Wholesaler loaded from API -> UNITED FARMERS SERVICE & LAMPS CO OPERATIVE SOCIETY LTD
[2026-07-17 15:45:03] User -> admin@pds | Wholesaler loaded from API -> M/S. KUNDU ENTERPRISES
[2026-07-17 15:45:03] User -> admin@pds | Wholesaler loaded from API -> M/S. SHYAM SUNDAR DAN
[2026-07-17 15:48:15] User -> Depot deleted -> admin@pds| Requested JSON -> {"uid":"all"} | all
