[2026-04-16 13:03:13] User -> Save Data | approve admin change yes ->admin@pds| 3 - 1 - Atta
[2026-04-16 13:03:13] User -> Save Data | approve admin change yes ->admin@pds| 3 - 1 - Atta
[2026-04-16 13:03:13] User -> Save Data | approve admin change yes ->admin@pds| 3 - 2 - Atta
[2026-04-16 13:03:13] User -> Save Data | approve admin change yes ->admin@pds| 3 - 3 - Atta
[2026-04-16 13:03:13] User -> Save Data | approve admin change yes ->admin@pds| 3 - 4 - Atta
[2026-04-16 13:03:13] User -> Save Data | approve admin change yes ->admin@pds| 3 - 5 - Atta
[2026-04-16 13:03:13] User -> Save Data | approve admin change yes ->admin@pds| 3 - 6 - Atta
[2026-04-16 13:03:13] User -> Save Data | approve admin change yes ->admin@pds| 3 - 7 - Atta
[2026-04-16 13:03:13] User -> Save Data | approve admin change yes ->admin@pds| 3 - 1 - RR
[2026-04-16 13:03:13] User -> Save Data | approve admin change yes ->admin@pds| 3 - 2 - RR
[2026-04-16 13:03:13] User -> Save Data | approve admin change yes ->admin@pds| 3 - 3 - RR
[2026-04-16 13:03:13] User -> Save Data | approve admin change yes ->admin@pds| 3 - 4 - RR
[2026-04-16 13:03:13] User -> Save Data | approve admin change yes ->admin@pds| 3 - 5 - RR
[2026-04-16 13:03:13] User -> Save Data | approve admin change yes ->admin@pds| 3 - 6 - RR
[2026-04-16 13:03:13] User -> Save Data | approve admin change yes ->admin@pds| 3 - 7 - RR
[2026-04-16 13:03:13] User -> Save Data | approve admin change yes ->admin@pds| 3 - 1 - PR
[2026-04-16 13:03:13] User -> Save Data | approve admin change yes ->admin@pds| 3 - 2 - PR
[2026-04-16 13:03:13] User -> Save Data | approve admin change yes ->admin@pds| 3 - 3 - PR
[2026-04-16 13:03:13] User -> Save Data | approve admin change yes ->admin@pds| 3 - 4 - PR
[2026-04-16 13:03:13] User -> Save Data | approve admin change yes ->admin@pds| 3 - 5 - PR
[2026-04-16 13:03:13] User -> Save Data | approve admin change yes ->admin@pds| 3 - 6 - PR
[2026-04-16 13:03:13] User -> Save Data | approve admin change yes ->admin@pds| 3 - 7 - PR
[2026-04-16 13:03:13] User -> Save Data | approve admin change yes ->admin@pds| 3 - 1 - Wheat
[2026-04-16 13:03:13] User -> Save Data | approve admin change yes ->admin@pds| 3 - 2 - Wheat
[2026-04-16 13:03:13] User -> Save Data | approve admin change yes ->admin@pds| 3 - 3 - Wheat
[2026-04-16 13:03:13] User -> Save Data | approve admin change yes ->admin@pds| 3 - 4 - Wheat
[2026-04-16 13:03:13] User -> Save Data | approve admin change yes ->admin@pds| 3 - 5 - Wheat
[2026-04-16 13:03:13] User -> Save Data | approve admin change yes ->admin@pds| 3 - 6 - Wheat
[2026-04-16 13:03:13] User -> Save Data | approve admin change yes ->admin@pds| 3 - 7 - Wheat
[2026-04-16 13:13:36] User -> Save Data | approve admin change yes ->admin@pds| 1182 - 3
[2026-04-16 13:13:36] User -> Save Data | approve admin change yes ->admin@pds| 81 - 3
[2026-04-16 13:13:36] User -> Save Data | approve admin change yes ->admin@pds| 611 - abx
[2026-04-16 13:13:36] User -> Save Data | approve admin change yes ->admin@pds| abx - 3
[2026-04-16 13:13:36] User -> Save Data | approve admin change yes ->admin@pds| 611 - 3
[2026-04-16 15:15:53] User -> Mill Edit->admin@pds| Requested JSON -> {"name":"Mnp","uniqueid":"DCP_66f83476902","active":"1","type":"Mill","latitude":"26.71035","longitude":"89.08152","district":"Alipurduar","id":"APDFM12","demand":"19106.36","demand_rice":"19106.36"}
[2026-04-16 16:20:25] User -> WholeSale Edit -> admin@pds| MS Doat Ali Mondal and Sons
[2026-04-16 16:20:25] User -> WholeSale Edit -> admin@pds| AJOY NATH YADAV
[2026-04-16 16:20:25] User -> WholeSale Edit -> admin@pds| Xgy
[2026-04-16 16:24:26] User -> FPS Edit -> admin@pds| abc
[2026-04-16 16:24:26] User -> FPS Edit -> admin@pds| bcd
[2026-04-16 16:24:26] User -> FPS Edit -> admin@pds| cde
[2026-04-16 16:24:26] User -> FPS Edit -> admin@pds| def
[2026-04-16 16:24:26] User -> FPS Edit -> admin@pds| efg
[2026-04-16 16:24:26] User -> FPS Edit -> admin@pds| fgh
[2026-04-16 16:24:26] User -> FPS Edit -> admin@pds| ghi
[2026-04-16 16:24:30] User -> FPS deleted -> admin@pds| Requested JSON -> {"uid":"FPS_69abd1294dd"} | ghi
[2026-04-16 16:24:33] User -> FPS deleted -> admin@pds| Requested JSON -> {"uid":"FPS_69abd1293c9"} | fgh
[2026-04-16 16:24:40] User -> FPS deleted -> admin@pds| Requested JSON -> {"uid":"FPS_69abd129282"} | efg
[2026-04-16 16:24:46] User -> Depot deleted -> admin@pds| Requested JSON -> {"uid":"Depot_66f82ac33"} | Def
[2026-04-16 16:24:48] User -> Depot deleted -> admin@pds| Requested JSON -> {"uid":"Depot_66f82ac32"} | Def
