[2025-02-20 08:59:35] User -> District added ->admin@pds| Requested JSON -> {"name":"Test"}
[2025-02-20 09:00:59] User -> District Name Edit->admin@pds| Requested JSON -> {"name":"Test Data","uid":"'67b6a19fa1d0c'"}
[2025-02-20 09:01:23] User -> District Name Edit->admin@pds| Requested JSON -> {"name":"Test Data OK","uid":"'67b6a19fa1d0c'"}
[2025-02-20 09:04:23] User -> District deleted -> admin@pds| Requested JSON -> {"uid":"67b6a19fa1d0c"} | Test Data Ok
[2025-02-20 10:20:48] User -> Mill added ->admin@pds| Requested JSON -> {"name":"Test","type":"Mill","latitude":"32.776","longitude":"78.678","district":"Alipurduar","id":"admin@pds","demand":"100","demand_rice":"90"}
[2025-02-20 12:15:27] User -> Warehouse Active -> admin@pds| 
[2025-02-20 12:16:12] User -> Mill Active -> admin@pds| Test
[2025-02-20 12:16:14] User -> Mill InActive -> admin@pds| Test
[2025-02-20 12:16:31] User -> Mill Active -> admin@pds| Test
[2025-02-20 12:18:40] User -> Mill Edit->admin@pds| Requested JSON -> {"name":"Test Data","uniqueid":"DCP_67b6b4a8e8c","active":"1","type":"Mill","latitude":"32.776","longitude":"78.678","district":"Alipurduar","id":"admin@pds","demand":"100","demand_rice":"90"}
[2025-02-20 12:19:08] User -> Mill Edit->admin@pds| Requested JSON -> {"name":"Test Data","uniqueid":"DCP_67b6b4a8e8c","active":"1","type":"Mill","latitude":"32.776","longitude":"78.678","district":"Alipurduar","id":"admin@pds","demand":"100","demand_rice":"80"}
[2025-02-20 12:24:33] User -> Mill deleted -> admin@pds| Requested JSON -> {"uid":"DCP_67b6b4a8e8c"} | Test Data
[2025-02-20 12:26:02] User -> Mill added ->admin@pds| Requested JSON -> {"name":"Test Data","type":"Mill","latitude":"26.553","longitude":"89.123","district":"Alipurduar","id":"11A","demand":"100","demand_rice":"80"}
[2025-02-20 12:27:19] User -> Mill deleted -> admin@pds| Requested JSON -> {"uid":"DCP_67b6d202da0"} | Test Data
[2025-02-20 12:28:34] User -> Mill deleted -> admin@pds| Requested JSON -> {"uid":"DCP_67b6d285765"} | Test Data 1
[2025-02-20 12:28:36] User -> Mill deleted -> admin@pds| Requested JSON -> {"uid":"DCP_67b6d2858b1"} | Test Data 2
[2025-02-20 12:29:44] User -> Mill Added -> admin@pds| Test Data 1
[2025-02-20 12:29:44] User -> Mill Added -> admin@pds| Test Data 2
[2025-02-20 12:32:13] User -> Mill Edit -> admin@pds| Mnp
[2025-02-20 12:32:13] User -> Mill Edit -> admin@pds| Mnp
[2025-02-20 12:32:13] User -> Mill Edit -> admin@pds| Mnp
[2025-02-20 12:32:13] User -> Mill Edit -> admin@pds| Mnp
[2025-02-20 12:32:13] User -> Mill Edit -> admin@pds| Mnp
[2025-02-20 12:32:13] User -> Mill Edit -> admin@pds| Mnp
[2025-02-20 12:32:13] User -> Mill Edit -> admin@pds| Mnp
[2025-02-20 12:32:13] User -> Mill Edit -> admin@pds| Mnp
[2025-02-20 12:32:13] User -> Mill Edit -> admin@pds| Mnp
[2025-02-20 12:32:13] User -> Mill Edit -> admin@pds| Mnp
[2025-02-20 12:32:13] User -> Mill Edit -> admin@pds| Mnp
[2025-02-20 12:32:13] User -> Mill Edit -> admin@pds| Mnp
[2025-02-20 12:32:13] User -> Mill Edit -> admin@pds| Mnp
[2025-02-20 12:32:13] User -> Mill Edit -> admin@pds| Mnp
[2025-02-20 12:32:13] User -> Mill Edit -> admin@pds| Mnp
[2025-02-20 12:32:13] User -> Mill Edit -> admin@pds| Mnp
[2025-02-20 12:32:13] User -> Mill Edit -> admin@pds| Mnp
[2025-02-20 12:32:13] User -> Mill Edit -> admin@pds| Mnp
[2025-02-20 12:32:13] User -> Mill Edit -> admin@pds| Mnp
[2025-02-20 12:32:13] User -> Mill Edit -> admin@pds| Mnp
[2025-02-20 12:32:13] User -> Mill Edit -> admin@pds| Mnp
[2025-02-20 12:32:13] User -> Mill Edit -> admin@pds| Mnp
[2025-02-20 12:32:13] User -> Mill Edit -> admin@pds| Mnp
[2025-02-20 12:32:13] User -> Mill Edit -> admin@pds| Mnp
[2025-02-20 12:32:13] User -> Mill Edit -> admin@pds| Mnp
[2025-02-20 12:32:13] User -> Mill Edit -> admin@pds| Mnp
[2025-02-20 12:32:13] User -> Mill Edit -> admin@pds| Mnp
[2025-02-20 12:32:13] User -> Mill Edit -> admin@pds| Mnp
[2025-02-20 12:32:13] User -> Mill Edit -> admin@pds| Mnp
[2025-02-20 12:32:13] User -> Mill Edit -> admin@pds| Mnp
[2025-02-20 12:32:13] User -> Mill Edit -> admin@pds| Mnp
[2025-02-20 12:32:13] User -> Mill Edit -> admin@pds| Mnp
[2025-02-20 12:32:13] User -> Mill Edit -> admin@pds| Mnp
[2025-02-20 12:32:13] User -> Mill Edit -> admin@pds| Mnp
[2025-02-20 12:32:13] User -> Mill Edit -> admin@pds| Mnp
[2025-02-20 12:32:13] User -> Mill Edit -> admin@pds| Mnp
[2025-02-20 12:32:13] User -> Mill Edit -> admin@pds| Mnp
[2025-02-20 12:32:13] User -> Mill Edit -> admin@pds| Mnp
[2025-02-20 12:32:13] User -> Mill Edit -> admin@pds| Mnp
[2025-02-20 12:32:13] User -> Mill Edit -> admin@pds| Mnp
[2025-02-20 12:32:13] User -> Mill Edit -> admin@pds| Mnp
[2025-02-20 12:32:13] User -> Mill Edit -> admin@pds| Mnp
[2025-02-20 12:32:13] User -> Mill Edit -> admin@pds| Mnp
[2025-02-20 12:32:13] User -> Mill Edit -> admin@pds| Mnp
[2025-02-20 12:32:13] User -> Mill Edit -> admin@pds| Mnp
[2025-02-20 12:32:13] User -> Mill Edit -> admin@pds| Mnp
[2025-02-20 12:32:13] User -> Mill Edit -> admin@pds| Mnp
[2025-02-20 12:32:13] User -> Mill Edit -> admin@pds| Mnp
[2025-02-20 12:32:13] User -> Mill Edit -> admin@pds| Mnp
[2025-02-20 12:32:13] User -> Mill Edit -> admin@pds| Mnp
[2025-02-20 12:32:13] User -> Mill Edit -> admin@pds| Mnp
[2025-02-20 12:32:13] User -> Mill Edit -> admin@pds| Mnp
[2025-02-20 12:32:13] User -> Mill Edit -> admin@pds| Mnp
[2025-02-20 12:32:13] User -> Mill Edit -> admin@pds| Mnp
[2025-02-20 12:32:13] User -> Mill Edit -> admin@pds| Mnp
[2025-02-20 12:32:13] User -> Mill Edit -> admin@pds| Mnp
[2025-02-20 12:32:13] User -> Mill Edit -> admin@pds| Mnp
[2025-02-20 12:32:13] User -> Mill Edit -> admin@pds| Mnp
[2025-02-20 12:32:13] User -> Mill Edit -> admin@pds| Mnp
[2025-02-20 12:32:13] User -> Mill Edit -> admin@pds| Mnp
[2025-02-20 12:32:13] User -> Mill Edit -> admin@pds| Mnp
[2025-02-20 12:32:13] User -> Mill Edit -> admin@pds| Mnp
[2025-02-20 12:32:13] User -> Mill Edit -> admin@pds| Mnp
[2025-02-20 12:32:13] User -> Mill Edit -> admin@pds| Mnp
[2025-02-20 12:32:13] User -> Mill Edit -> admin@pds| Mnp
[2025-02-20 12:32:13] User -> Mill Edit -> admin@pds| Mnp
[2025-02-20 12:32:13] User -> Mill Edit -> admin@pds| Mnp
[2025-02-20 12:32:13] User -> Mill Edit -> admin@pds| Mnp
[2025-02-20 12:32:13] User -> Mill Edit -> admin@pds| Mnp
[2025-02-20 12:32:13] User -> Mill Edit -> admin@pds| Mnp
[2025-02-20 12:32:13] User -> Mill Edit -> admin@pds| Mnp
[2025-02-20 12:32:13] User -> Mill Edit -> admin@pds| Mnp
[2025-02-20 12:32:13] User -> Mill Edit -> admin@pds| Mnp
[2025-02-20 12:32:13] User -> Mill Edit -> admin@pds| Mnp
[2025-02-20 12:32:13] User -> Mill Edit -> admin@pds| Mnp
[2025-02-20 12:32:13] User -> Mill Edit -> admin@pds| Mnp
[2025-02-20 12:32:13] User -> Mill Edit -> admin@pds| Mnp
[2025-02-20 12:32:13] User -> Mill Edit -> admin@pds| Mnp
[2025-02-20 12:32:13] User -> Mill Edit -> admin@pds| Mnp
[2025-02-20 12:32:13] User -> Mill Edit -> admin@pds| Mnp
[2025-02-20 12:32:13] User -> Mill Edit -> admin@pds| Mnp
[2025-02-20 12:32:13] User -> Mill Edit -> admin@pds| Mnp
[2025-02-20 12:32:13] User -> Mill Edit -> admin@pds| Mnp
[2025-02-20 12:32:13] User -> Mill Edit -> admin@pds| Mnp
[2025-02-20 12:32:13] User -> Mill Edit -> admin@pds| Mnp
[2025-02-20 12:32:13] User -> Mill Edit -> admin@pds| Mnp
[2025-02-20 12:32:13] User -> Mill Edit -> admin@pds| Mnp
[2025-02-20 12:32:13] User -> Mill Edit -> admin@pds| Mnp
[2025-02-20 12:32:13] User -> Mill Edit -> admin@pds| Mnp
[2025-02-20 12:32:13] User -> Mill Edit -> admin@pds| Mnp
[2025-02-20 12:32:13] User -> Mill Edit -> admin@pds| Mnp
[2025-02-20 12:32:13] User -> Mill Edit -> admin@pds| Mnp
[2025-02-20 12:32:13] User -> Mill Edit -> admin@pds| Mnp
[2025-02-20 12:32:13] User -> Mill Edit -> admin@pds| Mnp
[2025-02-20 12:32:13] User -> Mill Edit -> admin@pds| Mnp
[2025-02-20 12:32:13] User -> Mill Edit -> admin@pds| Mnp
[2025-02-20 12:32:13] User -> Mill Edit -> admin@pds| Mnp
[2025-02-20 12:32:13] User -> Mill Edit -> admin@pds| Mnp
[2025-02-20 12:32:13] User -> Mill Edit -> admin@pds| Mnp
[2025-02-20 12:32:13] User -> Mill Edit -> admin@pds| Mnp
[2025-02-20 12:32:13] User -> Mill Edit -> admin@pds| Mnp
[2025-02-20 12:32:13] User -> Mill Edit -> admin@pds| Mnp
[2025-02-20 12:32:13] User -> Mill Edit -> admin@pds| Mnp
[2025-02-20 12:32:13] User -> Mill Edit -> admin@pds| Mnp
[2025-02-20 12:32:13] User -> Mill Edit -> admin@pds| Mnp
[2025-02-20 12:32:13] User -> Mill Edit -> admin@pds| Mnp
[2025-02-20 12:32:13] User -> Mill Edit -> admin@pds| Mnp
[2025-02-20 12:32:13] User -> Mill Edit -> admin@pds| Mnp
[2025-02-20 12:32:13] User -> Mill Edit -> admin@pds| Mnp
[2025-02-20 12:32:13] User -> Mill Edit -> admin@pds| Mnp
[2025-02-20 12:32:13] User -> Mill Edit -> admin@pds| Mnp
[2025-02-20 12:32:13] User -> Mill Edit -> admin@pds| Mnp
[2025-02-20 12:32:13] User -> Mill Edit -> admin@pds| Mnp
[2025-02-20 12:32:13] User -> Mill Edit -> admin@pds| Mnp
[2025-02-20 12:32:13] User -> Mill Edit -> admin@pds| Mnp
[2025-02-20 12:32:13] User -> Mill Edit -> admin@pds| Mnp
[2025-02-20 12:32:13] User -> Mill Edit -> admin@pds| Mnp
[2025-02-20 12:32:13] User -> Mill Edit -> admin@pds| Mnp
[2025-02-20 12:32:13] User -> Mill Edit -> admin@pds| Mnp
[2025-02-20 12:32:13] User -> Mill Edit -> admin@pds| Test Data 1
[2025-02-20 12:32:13] User -> Mill Edit -> admin@pds| Test OK
[2025-02-20 12:33:43] User -> Mill InActive -> admin@pds| Alipurduar
[2025-02-20 12:33:58] User -> Mill Active -> admin@pds| Alipurduar
[2025-02-20 12:35:25] User -> Mill deleted -> admin@pds| Requested JSON -> {"uid":"all"} | all
[2025-02-20 12:36:40] User -> Mill Added -> admin@pds| Mnp
[2025-02-20 12:36:42] User -> Mill Added -> admin@pds| Mnp
[2025-02-20 12:36:42] User -> Mill Added -> admin@pds| Mnp
[2025-02-20 12:36:42] User -> Mill Added -> admin@pds| Mnp
[2025-02-20 12:36:43] User -> Mill Added -> admin@pds| Mnp
[2025-02-20 12:36:43] User -> Mill Added -> admin@pds| Mnp
[2025-02-20 12:36:43] User -> Mill Added -> admin@pds| Mnp
[2025-02-20 12:36:43] User -> Mill Added -> admin@pds| Mnp
[2025-02-20 12:36:43] User -> Mill Added -> admin@pds| Mnp
[2025-02-20 12:36:43] User -> Mill Added -> admin@pds| Mnp
[2025-02-20 12:36:43] User -> Mill Added -> admin@pds| Mnp
[2025-02-20 12:36:43] User -> Mill Added -> admin@pds| Mnp
[2025-02-20 12:36:43] User -> Mill Added -> admin@pds| Mnp
[2025-02-20 12:36:43] User -> Mill Added -> admin@pds| Mnp
[2025-02-20 12:36:43] User -> Mill Added -> admin@pds| Mnp
[2025-02-20 12:36:43] User -> Mill Added -> admin@pds| Mnp
[2025-02-20 12:36:43] User -> Mill Added -> admin@pds| Mnp
[2025-02-20 12:36:43] User -> Mill Added -> admin@pds| Mnp
[2025-02-20 12:36:44] User -> Mill Added -> admin@pds| Mnp
[2025-02-20 12:36:44] User -> Mill Added -> admin@pds| Mnp
[2025-02-20 12:36:44] User -> Mill Added -> admin@pds| Mnp
[2025-02-20 12:36:44] User -> Mill Added -> admin@pds| Mnp
[2025-02-20 12:36:44] User -> Mill Added -> admin@pds| Mnp
[2025-02-20 12:36:44] User -> Mill Added -> admin@pds| Mnp
[2025-02-20 12:36:44] User -> Mill Added -> admin@pds| Mnp
[2025-02-20 12:36:44] User -> Mill Added -> admin@pds| Mnp
[2025-02-20 12:36:44] User -> Mill Added -> admin@pds| Mnp
[2025-02-20 12:36:44] User -> Mill Added -> admin@pds| Mnp
[2025-02-20 12:36:44] User -> Mill Added -> admin@pds| Mnp
[2025-02-20 12:36:44] User -> Mill Added -> admin@pds| Mnp
[2025-02-20 12:36:44] User -> Mill Added -> admin@pds| Mnp
[2025-02-20 12:36:44] User -> Mill Added -> admin@pds| Mnp
[2025-02-20 12:36:44] User -> Mill Added -> admin@pds| Mnp
[2025-02-20 12:36:44] User -> Mill Added -> admin@pds| Mnp
[2025-02-20 12:36:44] User -> Mill Added -> admin@pds| Mnp
[2025-02-20 12:36:44] User -> Mill Added -> admin@pds| Mnp
[2025-02-20 12:36:45] User -> Mill Added -> admin@pds| Mnp
[2025-02-20 12:36:45] User -> Mill Added -> admin@pds| Mnp
[2025-02-20 12:36:45] User -> Mill Added -> admin@pds| Mnp
[2025-02-20 12:36:45] User -> Mill Added -> admin@pds| Mnp
[2025-02-20 12:36:45] User -> Mill Added -> admin@pds| Mnp
[2025-02-20 12:36:45] User -> Mill Added -> admin@pds| Mnp
[2025-02-20 12:36:45] User -> Mill Added -> admin@pds| Mnp
[2025-02-20 12:36:45] User -> Mill Added -> admin@pds| Mnp
[2025-02-20 12:36:45] User -> Mill Added -> admin@pds| Mnp
[2025-02-20 12:36:45] User -> Mill Added -> admin@pds| Mnp
[2025-02-20 12:36:45] User -> Mill Added -> admin@pds| Mnp
[2025-02-20 12:36:45] User -> Mill Added -> admin@pds| Mnp
[2025-02-20 12:36:45] User -> Mill Added -> admin@pds| Mnp
[2025-02-20 12:36:45] User -> Mill Added -> admin@pds| Mnp
[2025-02-20 12:36:45] User -> Mill Added -> admin@pds| Mnp
[2025-02-20 12:36:45] User -> Mill Added -> admin@pds| Mnp
[2025-02-20 12:36:45] User -> Mill Added -> admin@pds| Mnp
[2025-02-20 12:36:45] User -> Mill Added -> admin@pds| Mnp
[2025-02-20 12:36:45] User -> Mill Added -> admin@pds| Mnp
[2025-02-20 12:36:45] User -> Mill Added -> admin@pds| Mnp
[2025-02-20 12:36:45] User -> Mill Added -> admin@pds| Mnp
[2025-02-20 12:36:45] User -> Mill Added -> admin@pds| Mnp
[2025-02-20 12:36:46] User -> Mill Added -> admin@pds| Mnp
[2025-02-20 12:36:46] User -> Mill Added -> admin@pds| Mnp
[2025-02-20 12:36:46] User -> Mill Added -> admin@pds| Mnp
[2025-02-20 12:36:46] User -> Mill Added -> admin@pds| Mnp
[2025-02-20 12:36:46] User -> Mill Added -> admin@pds| Mnp
[2025-02-20 12:36:46] User -> Mill Added -> admin@pds| Mnp
[2025-02-20 12:36:46] User -> Mill Added -> admin@pds| Mnp
[2025-02-20 12:36:46] User -> Mill Added -> admin@pds| Mnp
[2025-02-20 12:36:46] User -> Mill Added -> admin@pds| Mnp
[2025-02-20 12:36:46] User -> Mill Added -> admin@pds| Mnp
[2025-02-20 12:36:46] User -> Mill Added -> admin@pds| Mnp
[2025-02-20 12:36:46] User -> Mill Added -> admin@pds| Mnp
[2025-02-20 12:36:46] User -> Mill Added -> admin@pds| Mnp
[2025-02-20 12:36:46] User -> Mill Added -> admin@pds| Mnp
[2025-02-20 12:36:46] User -> Mill Added -> admin@pds| Mnp
[2025-02-20 12:36:46] User -> Mill Added -> admin@pds| Mnp
[2025-02-20 12:36:46] User -> Mill Added -> admin@pds| Mnp
[2025-02-20 12:36:46] User -> Mill Added -> admin@pds| Mnp
[2025-02-20 12:36:46] User -> Mill Added -> admin@pds| Mnp
[2025-02-20 12:36:46] User -> Mill Added -> admin@pds| Mnp
[2025-02-20 12:36:46] User -> Mill Added -> admin@pds| Mnp
[2025-02-20 12:36:47] User -> Mill Added -> admin@pds| Mnp
[2025-02-20 12:36:47] User -> Mill Added -> admin@pds| Mnp
[2025-02-20 12:36:47] User -> Mill Added -> admin@pds| Mnp
[2025-02-20 12:36:47] User -> Mill Added -> admin@pds| Mnp
[2025-02-20 12:36:47] User -> Mill Added -> admin@pds| Mnp
[2025-02-20 12:36:47] User -> Mill Added -> admin@pds| Mnp
[2025-02-20 12:36:47] User -> Mill Added -> admin@pds| Mnp
[2025-02-20 12:36:47] User -> Mill Added -> admin@pds| Mnp
[2025-02-20 12:36:47] User -> Mill Added -> admin@pds| Mnp
[2025-02-20 12:36:47] User -> Mill Added -> admin@pds| Mnp
[2025-02-20 12:36:47] User -> Mill Added -> admin@pds| Mnp
[2025-02-20 12:36:47] User -> Mill Added -> admin@pds| Mnp
[2025-02-20 12:36:47] User -> Mill Added -> admin@pds| Mnp
[2025-02-20 12:36:47] User -> Mill Added -> admin@pds| Mnp
[2025-02-20 12:36:47] User -> Mill Added -> admin@pds| Mnp
[2025-02-20 12:36:47] User -> Mill Added -> admin@pds| Mnp
[2025-02-20 12:36:47] User -> Mill Added -> admin@pds| Mnp
[2025-02-20 12:36:47] User -> Mill Added -> admin@pds| Mnp
[2025-02-20 12:36:48] User -> Mill Added -> admin@pds| Mnp
[2025-02-20 12:36:48] User -> Mill Added -> admin@pds| Mnp
[2025-02-20 12:36:48] User -> Mill Added -> admin@pds| Mnp
[2025-02-20 12:36:48] User -> Mill Added -> admin@pds| Mnp
[2025-02-20 12:36:48] User -> Mill Added -> admin@pds| Mnp
[2025-02-20 12:36:48] User -> Mill Added -> admin@pds| Mnp
[2025-02-20 12:36:48] User -> Mill Added -> admin@pds| Mnp
[2025-02-20 12:36:48] User -> Mill Added -> admin@pds| Mnp
[2025-02-20 12:36:48] User -> Mill Added -> admin@pds| Mnp
[2025-02-20 12:36:48] User -> Mill Added -> admin@pds| Mnp
[2025-02-20 12:36:48] User -> Mill Added -> admin@pds| Mnp
[2025-02-20 12:36:48] User -> Mill Added -> admin@pds| Mnp
[2025-02-20 12:36:48] User -> Mill Added -> admin@pds| Mnp
[2025-02-20 12:36:48] User -> Mill Added -> admin@pds| Mnp
[2025-02-20 12:36:49] User -> Mill Added -> admin@pds| Mnp
[2025-02-20 12:36:49] User -> Mill Added -> admin@pds| Mnp
[2025-02-20 12:36:49] User -> Mill Added -> admin@pds| Mnp
[2025-02-20 12:36:49] User -> Mill Added -> admin@pds| Mnp
[2025-02-20 12:36:49] User -> Mill Added -> admin@pds| Mnp
[2025-02-20 12:36:49] User -> Mill Added -> admin@pds| Mnp
[2025-02-20 12:36:50] User -> Mill Added -> admin@pds| Mnp
[2025-02-20 12:36:50] User -> Mill Added -> admin@pds| Mnp
[2025-02-20 12:45:49] User -> Depot added ->admin@pds| Requested JSON -> {"name":"Test","type":"SWC","latitude":"26.553","longitude":"89.123","district":"Alipurduar","id":"11A","demand":"100","demand_rice":"80"}
[2025-02-20 12:49:59] User -> Mill InActive -> admin@pds| Mnp
[2025-02-20 12:50:12] User -> Mill Active -> admin@pds| Mnp
[2025-02-20 12:51:12] User -> Depot InActive -> admin@pds| Test
[2025-02-20 12:51:28] User -> Depot Active -> admin@pds| Test
[2025-02-20 12:52:48] User -> Depot Edit->admin@pds| Requested JSON -> {"name":"Test Data","uniqueid":"Depot_67b6d6a52","active":"1","type":"SWC","latitude":"26.553","longitude":"89.123","district":"Alipurduar","id":"11A","demand":"100","demand_rice":"90"}
[2025-02-20 12:55:08] User -> Depot deleted -> admin@pds| Requested JSON -> {"uid":"Depot_67b6d6a52"} | Test Data
[2025-02-20 12:56:48] User -> Depot deleted -> admin@pds| Requested JSON -> {"uid":"Depot_67b6d923b"} | Test Data 1
[2025-02-20 12:56:51] User -> Depot deleted -> admin@pds| Requested JSON -> {"uid":"Depot_67b6d923c"} | Test Data 2
[2025-02-20 12:57:59] User -> Depot Added -> admin@pds| Test Data 1
[2025-02-20 12:57:59] User -> Depot Added -> admin@pds| Test Data 2
[2025-02-20 13:00:30] User -> Depot Edit -> admin@pds| Def
[2025-02-20 13:00:30] User -> Depot Edit -> admin@pds| Def
[2025-02-20 13:00:30] User -> Depot Edit -> admin@pds| Def
[2025-02-20 13:00:30] User -> Depot Edit -> admin@pds| Def
[2025-02-20 13:00:30] User -> Depot Edit -> admin@pds| Def
[2025-02-20 13:00:30] User -> Depot Edit -> admin@pds| Def
[2025-02-20 13:00:30] User -> Depot Edit -> admin@pds| Def
[2025-02-20 13:00:30] User -> Depot Edit -> admin@pds| Def
[2025-02-20 13:00:30] User -> Depot Edit -> admin@pds| Def
[2025-02-20 13:00:30] User -> Depot Edit -> admin@pds| Def
[2025-02-20 13:00:30] User -> Depot Edit -> admin@pds| Def
[2025-02-20 13:00:30] User -> Depot Edit -> admin@pds| Def
[2025-02-20 13:00:30] User -> Depot Edit -> admin@pds| Def
[2025-02-20 13:00:30] User -> Depot Edit -> admin@pds| Def
[2025-02-20 13:00:30] User -> Depot Edit -> admin@pds| Def
[2025-02-20 13:00:30] User -> Depot Edit -> admin@pds| Def
[2025-02-20 13:00:30] User -> Depot Edit -> admin@pds| Def
[2025-02-20 13:00:30] User -> Depot Edit -> admin@pds| Def
[2025-02-20 13:00:30] User -> Depot Edit -> admin@pds| Def
[2025-02-20 13:00:30] User -> Depot Edit -> admin@pds| Def
[2025-02-20 13:00:30] User -> Depot Edit -> admin@pds| Def
[2025-02-20 13:00:30] User -> Depot Edit -> admin@pds| Def
[2025-02-20 13:00:30] User -> Depot Edit -> admin@pds| Def
[2025-02-20 13:00:30] User -> Depot Edit -> admin@pds| Def
[2025-02-20 13:00:30] User -> Depot Edit -> admin@pds| Def
[2025-02-20 13:00:30] User -> Depot Edit -> admin@pds| Def
[2025-02-20 13:00:30] User -> Depot Edit -> admin@pds| Def
[2025-02-20 13:00:30] User -> Depot Edit -> admin@pds| Def
[2025-02-20 13:00:30] User -> Depot Edit -> admin@pds| Def
[2025-02-20 13:00:30] User -> Depot Edit -> admin@pds| Def
[2025-02-20 13:00:30] User -> Depot Edit -> admin@pds| Def
[2025-02-20 13:00:30] User -> Depot Edit -> admin@pds| Def
[2025-02-20 13:00:30] User -> Depot Edit -> admin@pds| Def
[2025-02-20 13:00:30] User -> Depot Edit -> admin@pds| Def
[2025-02-20 13:00:30] User -> Depot Edit -> admin@pds| Def
[2025-02-20 13:00:30] User -> Depot Edit -> admin@pds| Def
[2025-02-20 13:00:30] User -> Depot Edit -> admin@pds| Def
[2025-02-20 13:00:30] User -> Depot Edit -> admin@pds| Def
[2025-02-20 13:00:30] User -> Depot Edit -> admin@pds| Def
[2025-02-20 13:00:30] User -> Depot Edit -> admin@pds| Def
[2025-02-20 13:00:30] User -> Depot Edit -> admin@pds| Def
[2025-02-20 13:00:30] User -> Depot Edit -> admin@pds| Def
[2025-02-20 13:00:30] User -> Depot Edit -> admin@pds| Def
[2025-02-20 13:00:30] User -> Depot Edit -> admin@pds| Def
[2025-02-20 13:00:30] User -> Depot Edit -> admin@pds| Def
[2025-02-20 13:00:30] User -> Depot Edit -> admin@pds| Def
[2025-02-20 13:00:30] User -> Depot Edit -> admin@pds| Def
[2025-02-20 13:00:30] User -> Depot Edit -> admin@pds| Def
[2025-02-20 13:00:30] User -> Depot Edit -> admin@pds| Def
[2025-02-20 13:00:30] User -> Depot Edit -> admin@pds| Def
[2025-02-20 13:00:30] User -> Depot Edit -> admin@pds| Def
[2025-02-20 13:00:30] User -> Depot Edit -> admin@pds| Def
[2025-02-20 13:00:30] User -> Depot Edit -> admin@pds| Def
[2025-02-20 13:00:30] User -> Depot Edit -> admin@pds| Def
[2025-02-20 13:00:30] User -> Depot Edit -> admin@pds| Def
[2025-02-20 13:00:30] User -> Depot Edit -> admin@pds| Def
[2025-02-20 13:00:30] User -> Depot Edit -> admin@pds| Def
[2025-02-20 13:00:30] User -> Depot Edit -> admin@pds| Def
[2025-02-20 13:00:30] User -> Depot Edit -> admin@pds| Def
[2025-02-20 13:00:30] User -> Depot Edit -> admin@pds| Def
[2025-02-20 13:00:30] User -> Depot Edit -> admin@pds| Def
[2025-02-20 13:00:30] User -> Depot Edit -> admin@pds| Def
[2025-02-20 13:00:30] User -> Depot Edit -> admin@pds| Def
[2025-02-20 13:00:30] User -> Depot Edit -> admin@pds| Def
[2025-02-20 13:00:30] User -> Depot Edit -> admin@pds| Def
[2025-02-20 13:00:30] User -> Depot Edit -> admin@pds| Def
[2025-02-20 13:00:30] User -> Depot Edit -> admin@pds| Def
[2025-02-20 13:00:30] User -> Depot Edit -> admin@pds| Def
[2025-02-20 13:00:30] User -> Depot Edit -> admin@pds| Def
[2025-02-20 13:00:30] User -> Depot Edit -> admin@pds| Def
[2025-02-20 13:00:30] User -> Depot Edit -> admin@pds| Def
[2025-02-20 13:00:30] User -> Depot Edit -> admin@pds| Def
[2025-02-20 13:00:30] User -> Depot Edit -> admin@pds| Def
[2025-02-20 13:00:30] User -> Depot Edit -> admin@pds| Def
[2025-02-20 13:00:30] User -> Depot Edit -> admin@pds| Def
[2025-02-20 13:00:30] User -> Depot Edit -> admin@pds| Def
[2025-02-20 13:00:30] User -> Depot Edit -> admin@pds| Def
[2025-02-20 13:00:30] User -> Depot Edit -> admin@pds| Def
[2025-02-20 13:00:30] User -> Depot Edit -> admin@pds| Def
[2025-02-20 13:00:30] User -> Depot Edit -> admin@pds| Def
[2025-02-20 13:00:30] User -> Depot Edit -> admin@pds| Def
[2025-02-20 13:00:30] User -> Depot Edit -> admin@pds| Def
[2025-02-20 13:00:30] User -> Depot Edit -> admin@pds| Def
[2025-02-20 13:00:30] User -> Depot Edit -> admin@pds| Def
[2025-02-20 13:00:30] User -> Depot Edit -> admin@pds| Def
[2025-02-20 13:00:30] User -> Depot Edit -> admin@pds| Def
[2025-02-20 13:00:30] User -> Depot Edit -> admin@pds| Def
[2025-02-20 13:00:30] User -> Depot Edit -> admin@pds| Def
[2025-02-20 13:00:30] User -> Depot Edit -> admin@pds| Def
[2025-02-20 13:00:30] User -> Depot Edit -> admin@pds| Def
[2025-02-20 13:00:30] User -> Depot Edit -> admin@pds| Def
[2025-02-20 13:00:30] User -> Depot Edit -> admin@pds| Def
[2025-02-20 13:00:30] User -> Depot Edit -> admin@pds| Def
[2025-02-20 13:00:30] User -> Depot Edit -> admin@pds| Def
[2025-02-20 13:00:30] User -> Depot Edit -> admin@pds| Def
[2025-02-20 13:00:30] User -> Depot Edit -> admin@pds| Def
[2025-02-20 13:00:30] User -> Depot Edit -> admin@pds| Def
[2025-02-20 13:00:30] User -> Depot Edit -> admin@pds| Def
[2025-02-20 13:00:30] User -> Depot Edit -> admin@pds| Def
[2025-02-20 13:00:30] User -> Depot Edit -> admin@pds| Def
[2025-02-20 13:00:30] User -> Depot Edit -> admin@pds| Def
[2025-02-20 13:00:30] User -> Depot Edit -> admin@pds| Def
[2025-02-20 13:00:30] User -> Depot Edit -> admin@pds| Def
[2025-02-20 13:00:30] User -> Depot Edit -> admin@pds| Def
[2025-02-20 13:00:30] User -> Depot Edit -> admin@pds| Def
[2025-02-20 13:00:30] User -> Depot Edit -> admin@pds| Def
[2025-02-20 13:00:30] User -> Depot Edit -> admin@pds| Def
[2025-02-20 13:00:30] User -> Depot Edit -> admin@pds| Def
[2025-02-20 13:00:30] User -> Depot Edit -> admin@pds| Def
[2025-02-20 13:00:30] User -> Depot Edit -> admin@pds| Def
[2025-02-20 13:00:30] User -> Depot Edit -> admin@pds| Def
[2025-02-20 13:00:30] User -> Depot Edit -> admin@pds| Def
[2025-02-20 13:00:30] User -> Depot Edit -> admin@pds| Def
[2025-02-20 13:00:30] User -> Depot Edit -> admin@pds| Def
[2025-02-20 13:00:30] User -> Depot Edit -> admin@pds| Def
[2025-02-20 13:00:30] User -> Depot Edit -> admin@pds| Def
[2025-02-20 13:00:30] User -> Depot Edit -> admin@pds| Def
[2025-02-20 13:00:30] User -> Depot Edit -> admin@pds| Def
[2025-02-20 13:00:30] User -> Depot Edit -> admin@pds| Def
[2025-02-20 13:00:30] User -> Depot Edit -> admin@pds| Def
[2025-02-20 13:00:30] User -> Depot Edit -> admin@pds| Def
[2025-02-20 13:00:30] User -> Depot Edit -> admin@pds| Def
[2025-02-20 13:00:30] User -> Depot Edit -> admin@pds| Def
[2025-02-20 13:00:30] User -> Depot Edit -> admin@pds| Def
[2025-02-20 13:00:30] User -> Depot Edit -> admin@pds| Def
[2025-02-20 13:00:30] User -> Depot Edit -> admin@pds| Def
[2025-02-20 13:00:30] User -> Depot Edit -> admin@pds| Def
[2025-02-20 13:00:30] User -> Depot Edit -> admin@pds| Def
[2025-02-20 13:00:30] User -> Depot Edit -> admin@pds| Def
[2025-02-20 13:00:30] User -> Depot Edit -> admin@pds| Def
[2025-02-20 13:00:30] User -> Depot Edit -> admin@pds| Def
[2025-02-20 13:00:30] User -> Depot Edit -> admin@pds| Def
[2025-02-20 13:00:30] User -> Depot Edit -> admin@pds| Def
[2025-02-20 13:00:30] User -> Depot Edit -> admin@pds| Def
[2025-02-20 13:00:30] User -> Depot Edit -> admin@pds| Def
[2025-02-20 13:00:30] User -> Depot Edit -> admin@pds| Def
[2025-02-20 13:00:30] User -> Depot Edit -> admin@pds| Def
[2025-02-20 13:00:30] User -> Depot Edit -> admin@pds| Def
[2025-02-20 13:00:30] User -> Depot Edit -> admin@pds| Def
[2025-02-20 13:00:30] User -> Depot Edit -> admin@pds| Def
[2025-02-20 13:00:30] User -> Depot Edit -> admin@pds| Def
[2025-02-20 13:00:30] User -> Depot Edit -> admin@pds| Def
[2025-02-20 13:00:30] User -> Depot Edit -> admin@pds| Def
[2025-02-20 13:00:30] User -> Depot Edit -> admin@pds| Def
[2025-02-20 13:00:30] User -> Depot Edit -> admin@pds| Def
[2025-02-20 13:00:30] User -> Depot Edit -> admin@pds| Def
[2025-02-20 13:00:30] User -> Depot Edit -> admin@pds| Def
[2025-02-20 13:00:30] User -> Depot Edit -> admin@pds| Def
[2025-02-20 13:00:30] User -> Depot Edit -> admin@pds| Def
[2025-02-20 13:00:30] User -> Depot Edit -> admin@pds| Def
[2025-02-20 13:00:30] User -> Depot Edit -> admin@pds| Def
[2025-02-20 13:00:30] User -> Depot Edit -> admin@pds| Def
[2025-02-20 13:00:30] User -> Depot Edit -> admin@pds| Def
[2025-02-20 13:00:30] User -> Depot Edit -> admin@pds| Def
[2025-02-20 13:00:30] User -> Depot Edit -> admin@pds| Def
[2025-02-20 13:00:30] User -> Depot Edit -> admin@pds| Def
[2025-02-20 13:00:30] User -> Depot Edit -> admin@pds| Def
[2025-02-20 13:00:30] User -> Depot Edit -> admin@pds| Def
[2025-02-20 13:00:30] User -> Depot Edit -> admin@pds| Def
[2025-02-20 13:00:30] User -> Depot Edit -> admin@pds| Def
[2025-02-20 13:00:30] User -> Depot Edit -> admin@pds| Def
[2025-02-20 13:00:30] User -> Depot Edit -> admin@pds| Def
[2025-02-20 13:00:30] User -> Depot Edit -> admin@pds| Def
[2025-02-20 13:00:30] User -> Depot Edit -> admin@pds| Def
[2025-02-20 13:00:30] User -> Depot Edit -> admin@pds| Def
[2025-02-20 13:00:30] User -> Depot Edit -> admin@pds| Def
[2025-02-20 13:00:30] User -> Depot Edit -> admin@pds| Def
[2025-02-20 13:00:30] User -> Depot Edit -> admin@pds| Def
[2025-02-20 13:00:30] User -> Depot Edit -> admin@pds| Def
[2025-02-20 13:00:30] User -> Depot Edit -> admin@pds| Def
[2025-02-20 13:00:30] User -> Depot Edit -> admin@pds| Def
[2025-02-20 13:00:30] User -> Depot Edit -> admin@pds| Def
[2025-02-20 13:00:30] User -> Depot Edit -> admin@pds| Def
[2025-02-20 13:00:30] User -> Depot Edit -> admin@pds| Def
[2025-02-20 13:00:30] User -> Depot Edit -> admin@pds| Def
[2025-02-20 13:00:30] User -> Depot Edit -> admin@pds| Def
[2025-02-20 13:00:30] User -> Depot Edit -> admin@pds| Def
[2025-02-20 13:00:30] User -> Depot Edit -> admin@pds| Def
[2025-02-20 13:00:30] User -> Depot Edit -> admin@pds| Def
[2025-02-20 13:00:30] User -> Depot Edit -> admin@pds| Def
[2025-02-20 13:00:30] User -> Depot Edit -> admin@pds| Def
[2025-02-20 13:00:30] User -> Depot Edit -> admin@pds| Def
[2025-02-20 13:00:30] User -> Depot Edit -> admin@pds| Def
[2025-02-20 13:00:30] User -> Depot Edit -> admin@pds| Def
[2025-02-20 13:00:30] User -> Depot Edit -> admin@pds| Def
[2025-02-20 13:00:30] User -> Depot Edit -> admin@pds| Def
[2025-02-20 13:00:30] User -> Depot Edit -> admin@pds| Def
[2025-02-20 13:00:30] User -> Depot Edit -> admin@pds| Def
[2025-02-20 13:00:30] User -> Depot Edit -> admin@pds| Def
[2025-02-20 13:00:30] User -> Depot Edit -> admin@pds| Def
[2025-02-20 13:00:30] User -> Depot Edit -> admin@pds| Def
[2025-02-20 13:00:30] User -> Depot Edit -> admin@pds| Def
[2025-02-20 13:00:30] User -> Depot Edit -> admin@pds| Def
[2025-02-20 13:00:30] User -> Depot Edit -> admin@pds| Def
[2025-02-20 13:00:30] User -> Depot Edit -> admin@pds| Def
[2025-02-20 13:00:30] User -> Depot Edit -> admin@pds| Def
[2025-02-20 13:00:30] User -> Depot Edit -> admin@pds| Test Data 1
[2025-02-20 13:00:30] User -> Depot Edit -> admin@pds| Test OK
[2025-02-20 13:01:59] User -> Depot InActive -> admin@pds| Alipurduar
[2025-02-20 13:02:16] User -> Depot InActive -> admin@pds| Alipurduar
[2025-02-20 13:02:23] User -> Depot Active -> admin@pds| Alipurduar
[2025-02-20 13:04:13] User -> Depot deleted -> admin@pds| Requested JSON -> {"uid":"all"} | all
[2025-02-20 13:04:33] User -> Depot Added -> admin@pds| Def
[2025-02-20 13:04:33] User -> Depot Added -> admin@pds| Def
[2025-02-20 13:04:33] User -> Depot Added -> admin@pds| Def
[2025-02-20 13:04:33] User -> Depot Added -> admin@pds| Def
[2025-02-20 13:04:33] User -> Depot Added -> admin@pds| Def
[2025-02-20 13:04:34] User -> Depot Added -> admin@pds| Def
[2025-02-20 13:04:34] User -> Depot Added -> admin@pds| Def
[2025-02-20 13:04:34] User -> Depot Added -> admin@pds| Def
[2025-02-20 13:04:34] User -> Depot Added -> admin@pds| Def
[2025-02-20 13:04:34] User -> Depot Added -> admin@pds| Def
[2025-02-20 13:04:34] User -> Depot Added -> admin@pds| Def
[2025-02-20 13:04:35] User -> Depot Added -> admin@pds| Def
[2025-02-20 13:04:35] User -> Depot Added -> admin@pds| Def
[2025-02-20 13:04:35] User -> Depot Added -> admin@pds| Def
[2025-02-20 13:04:35] User -> Depot Added -> admin@pds| Def
[2025-02-20 13:04:35] User -> Depot Added -> admin@pds| Def
[2025-02-20 13:04:35] User -> Depot Added -> admin@pds| Def
[2025-02-20 13:04:35] User -> Depot Added -> admin@pds| Def
[2025-02-20 13:04:35] User -> Depot Added -> admin@pds| Def
[2025-02-20 13:04:35] User -> Depot Added -> admin@pds| Def
[2025-02-20 13:04:35] User -> Depot Added -> admin@pds| Def
[2025-02-20 13:04:35] User -> Depot Added -> admin@pds| Def
[2025-02-20 13:04:35] User -> Depot Added -> admin@pds| Def
[2025-02-20 13:04:35] User -> Depot Added -> admin@pds| Def
[2025-02-20 13:04:35] User -> Depot Added -> admin@pds| Def
[2025-02-20 13:04:36] User -> Depot Added -> admin@pds| Def
[2025-02-20 13:04:36] User -> Depot Added -> admin@pds| Def
[2025-02-20 13:04:36] User -> Depot Added -> admin@pds| Def
[2025-02-20 13:04:36] User -> Depot Added -> admin@pds| Def
[2025-02-20 13:04:36] User -> Depot Added -> admin@pds| Def
[2025-02-20 13:04:36] User -> Depot Added -> admin@pds| Def
[2025-02-20 13:04:36] User -> Depot Added -> admin@pds| Def
[2025-02-20 13:04:36] User -> Depot Added -> admin@pds| Def
[2025-02-20 13:04:36] User -> Depot Added -> admin@pds| Def
[2025-02-20 13:04:37] User -> Depot Added -> admin@pds| Def
[2025-02-20 13:04:37] User -> Depot Added -> admin@pds| Def
[2025-02-20 13:04:37] User -> Depot Added -> admin@pds| Def
[2025-02-20 13:04:37] User -> Depot Added -> admin@pds| Def
[2025-02-20 13:04:37] User -> Depot Added -> admin@pds| Def
[2025-02-20 13:04:37] User -> Depot Added -> admin@pds| Def
[2025-02-20 13:04:37] User -> Depot Added -> admin@pds| Def
[2025-02-20 13:04:37] User -> Depot Added -> admin@pds| Def
[2025-02-20 13:04:37] User -> Depot Added -> admin@pds| Def
[2025-02-20 13:04:37] User -> Depot Added -> admin@pds| Def
[2025-02-20 13:04:37] User -> Depot Added -> admin@pds| Def
[2025-02-20 13:04:37] User -> Depot Added -> admin@pds| Def
[2025-02-20 13:04:37] User -> Depot Added -> admin@pds| Def
[2025-02-20 13:04:37] User -> Depot Added -> admin@pds| Def
[2025-02-20 13:04:37] User -> Depot Added -> admin@pds| Def
[2025-02-20 13:04:38] User -> Depot Added -> admin@pds| Def
[2025-02-20 13:04:38] User -> Depot Added -> admin@pds| Def
[2025-02-20 13:04:38] User -> Depot Added -> admin@pds| Def
[2025-02-20 13:04:38] User -> Depot Added -> admin@pds| Def
[2025-02-20 13:04:38] User -> Depot Added -> admin@pds| Def
[2025-02-20 13:04:38] User -> Depot Added -> admin@pds| Def
[2025-02-20 13:04:38] User -> Depot Added -> admin@pds| Def
[2025-02-20 13:04:38] User -> Depot Added -> admin@pds| Def
[2025-02-20 13:04:39] User -> Depot Added -> admin@pds| Def
[2025-02-20 13:04:39] User -> Depot Added -> admin@pds| Def
[2025-02-20 13:04:39] User -> Depot Added -> admin@pds| Def
[2025-02-20 13:04:39] User -> Depot Added -> admin@pds| Def
[2025-02-20 13:04:39] User -> Depot Added -> admin@pds| Def
[2025-02-20 13:04:39] User -> Depot Added -> admin@pds| Def
[2025-02-20 13:04:39] User -> Depot Added -> admin@pds| Def
[2025-02-20 13:04:39] User -> Depot Added -> admin@pds| Def
[2025-02-20 13:04:39] User -> Depot Added -> admin@pds| Def
[2025-02-20 13:04:39] User -> Depot Added -> admin@pds| Def
[2025-02-20 13:04:39] User -> Depot Added -> admin@pds| Def
[2025-02-20 13:04:39] User -> Depot Added -> admin@pds| Def
[2025-02-20 13:04:39] User -> Depot Added -> admin@pds| Def
[2025-02-20 13:04:39] User -> Depot Added -> admin@pds| Def
[2025-02-20 13:04:40] User -> Depot Added -> admin@pds| Def
[2025-02-20 13:04:40] User -> Depot Added -> admin@pds| Def
[2025-02-20 13:04:40] User -> Depot Added -> admin@pds| Def
[2025-02-20 13:04:40] User -> Depot Added -> admin@pds| Def
[2025-02-20 13:04:40] User -> Depot Added -> admin@pds| Def
[2025-02-20 13:04:40] User -> Depot Added -> admin@pds| Def
[2025-02-20 13:04:40] User -> Depot Added -> admin@pds| Def
[2025-02-20 13:04:40] User -> Depot Added -> admin@pds| Def
[2025-02-20 13:04:40] User -> Depot Added -> admin@pds| Def
[2025-02-20 13:04:40] User -> Depot Added -> admin@pds| Def
[2025-02-20 13:04:40] User -> Depot Added -> admin@pds| Def
[2025-02-20 13:04:40] User -> Depot Added -> admin@pds| Def
[2025-02-20 13:04:40] User -> Depot Added -> admin@pds| Def
[2025-02-20 13:04:40] User -> Depot Added -> admin@pds| Def
[2025-02-20 13:04:40] User -> Depot Added -> admin@pds| Def
[2025-02-20 13:04:41] User -> Depot Added -> admin@pds| Def
[2025-02-20 13:04:41] User -> Depot Added -> admin@pds| Def
[2025-02-20 13:04:41] User -> Depot Added -> admin@pds| Def
[2025-02-20 13:04:41] User -> Depot Added -> admin@pds| Def
[2025-02-20 13:04:41] User -> Depot Added -> admin@pds| Def
[2025-02-20 13:04:41] User -> Depot Added -> admin@pds| Def
[2025-02-20 13:04:41] User -> Depot Added -> admin@pds| Def
[2025-02-20 13:04:41] User -> Depot Added -> admin@pds| Def
[2025-02-20 13:04:41] User -> Depot Added -> admin@pds| Def
[2025-02-20 13:04:41] User -> Depot Added -> admin@pds| Def
[2025-02-20 13:04:41] User -> Depot Added -> admin@pds| Def
[2025-02-20 13:04:41] User -> Depot Added -> admin@pds| Def
[2025-02-20 13:04:41] User -> Depot Added -> admin@pds| Def
[2025-02-20 13:04:41] User -> Depot Added -> admin@pds| Def
[2025-02-20 13:04:41] User -> Depot Added -> admin@pds| Def
[2025-02-20 13:04:41] User -> Depot Added -> admin@pds| Def
[2025-02-20 13:04:42] User -> Depot Added -> admin@pds| Def
[2025-02-20 13:04:42] User -> Depot Added -> admin@pds| Def
[2025-02-20 13:04:42] User -> Depot Added -> admin@pds| Def
[2025-02-20 13:04:42] User -> Depot Added -> admin@pds| Def
[2025-02-20 13:04:42] User -> Depot Added -> admin@pds| Def
[2025-02-20 13:04:42] User -> Depot Added -> admin@pds| Def
[2025-02-20 13:04:42] User -> Depot Added -> admin@pds| Def
[2025-02-20 13:04:43] User -> Depot Added -> admin@pds| Def
[2025-02-20 13:04:43] User -> Depot Added -> admin@pds| Def
[2025-02-20 13:04:43] User -> Depot Added -> admin@pds| Def
[2025-02-20 13:04:43] User -> Depot Added -> admin@pds| Def
[2025-02-20 13:04:43] User -> Depot Added -> admin@pds| Def
[2025-02-20 13:04:43] User -> Depot Added -> admin@pds| Def
[2025-02-20 13:04:43] User -> Depot Added -> admin@pds| Def
[2025-02-20 13:04:43] User -> Depot Added -> admin@pds| Def
[2025-02-20 13:04:43] User -> Depot Added -> admin@pds| Def
[2025-02-20 13:04:43] User -> Depot Added -> admin@pds| Def
[2025-02-20 13:04:43] User -> Depot Added -> admin@pds| Def
[2025-02-20 13:04:43] User -> Depot Added -> admin@pds| Def
[2025-02-20 13:04:44] User -> Depot Added -> admin@pds| Def
[2025-02-20 13:04:44] User -> Depot Added -> admin@pds| Def
[2025-02-20 13:04:44] User -> Depot Added -> admin@pds| Def
[2025-02-20 13:04:44] User -> Depot Added -> admin@pds| Def
[2025-02-20 13:04:44] User -> Depot Added -> admin@pds| Def
[2025-02-20 13:04:44] User -> Depot Added -> admin@pds| Def
[2025-02-20 13:04:44] User -> Depot Added -> admin@pds| Def
[2025-02-20 13:04:44] User -> Depot Added -> admin@pds| Def
[2025-02-20 13:04:44] User -> Depot Added -> admin@pds| Def
[2025-02-20 13:04:44] User -> Depot Added -> admin@pds| Def
[2025-02-20 13:04:44] User -> Depot Added -> admin@pds| Def
[2025-02-20 13:04:44] User -> Depot Added -> admin@pds| Def
[2025-02-20 13:04:44] User -> Depot Added -> admin@pds| Def
[2025-02-20 13:04:44] User -> Depot Added -> admin@pds| Def
[2025-02-20 13:04:44] User -> Depot Added -> admin@pds| Def
[2025-02-20 13:04:45] User -> Depot Added -> admin@pds| Def
[2025-02-20 13:04:45] User -> Depot Added -> admin@pds| Def
[2025-02-20 13:04:45] User -> Depot Added -> admin@pds| Def
[2025-02-20 13:04:45] User -> Depot Added -> admin@pds| Def
[2025-02-20 13:04:45] User -> Depot Added -> admin@pds| Def
[2025-02-20 13:04:45] User -> Depot Added -> admin@pds| Def
[2025-02-20 13:04:45] User -> Depot Added -> admin@pds| Def
[2025-02-20 13:04:45] User -> Depot Added -> admin@pds| Def
[2025-02-20 13:04:45] User -> Depot Added -> admin@pds| Def
[2025-02-20 13:04:45] User -> Depot Added -> admin@pds| Def
[2025-02-20 13:04:45] User -> Depot Added -> admin@pds| Def
[2025-02-20 13:04:45] User -> Depot Added -> admin@pds| Def
[2025-02-20 13:04:45] User -> Depot Added -> admin@pds| Def
[2025-02-20 13:04:45] User -> Depot Added -> admin@pds| Def
[2025-02-20 13:04:45] User -> Depot Added -> admin@pds| Def
[2025-02-20 13:04:45] User -> Depot Added -> admin@pds| Def
[2025-02-20 13:04:46] User -> Depot Added -> admin@pds| Def
[2025-02-20 13:04:46] User -> Depot Added -> admin@pds| Def
[2025-02-20 13:04:46] User -> Depot Added -> admin@pds| Def
[2025-02-20 13:04:46] User -> Depot Added -> admin@pds| Def
[2025-02-20 13:04:46] User -> Depot Added -> admin@pds| Def
[2025-02-20 13:04:46] User -> Depot Added -> admin@pds| Def
[2025-02-20 13:04:46] User -> Depot Added -> admin@pds| Def
[2025-02-20 13:04:46] User -> Depot Added -> admin@pds| Def
[2025-02-20 13:04:46] User -> Depot Added -> admin@pds| Def
[2025-02-20 13:04:46] User -> Depot Added -> admin@pds| Def
[2025-02-20 13:04:46] User -> Depot Added -> admin@pds| Def
[2025-02-20 13:04:46] User -> Depot Added -> admin@pds| Def
[2025-02-20 13:04:46] User -> Depot Added -> admin@pds| Def
[2025-02-20 13:04:46] User -> Depot Added -> admin@pds| Def
[2025-02-20 13:04:46] User -> Depot Added -> admin@pds| Def
[2025-02-20 13:04:47] User -> Depot Added -> admin@pds| Def
[2025-02-20 13:04:47] User -> Depot Added -> admin@pds| Def
[2025-02-20 13:04:47] User -> Depot Added -> admin@pds| Def
[2025-02-20 13:04:47] User -> Depot Added -> admin@pds| Def
[2025-02-20 13:04:47] User -> Depot Added -> admin@pds| Def
[2025-02-20 13:04:47] User -> Depot Added -> admin@pds| Def
[2025-02-20 13:04:47] User -> Depot Added -> admin@pds| Def
[2025-02-20 13:04:47] User -> Depot Added -> admin@pds| Def
[2025-02-20 13:04:47] User -> Depot Added -> admin@pds| Def
[2025-02-20 13:04:47] User -> Depot Added -> admin@pds| Def
[2025-02-20 13:04:47] User -> Depot Added -> admin@pds| Def
[2025-02-20 13:04:47] User -> Depot Added -> admin@pds| Def
[2025-02-20 13:04:47] User -> Depot Added -> admin@pds| Def
[2025-02-20 13:04:47] User -> Depot Added -> admin@pds| Def
[2025-02-20 13:04:47] User -> Depot Added -> admin@pds| Def
[2025-02-20 13:04:47] User -> Depot Added -> admin@pds| Def
[2025-02-20 13:04:48] User -> Depot Added -> admin@pds| Def
[2025-02-20 13:04:48] User -> Depot Added -> admin@pds| Def
[2025-02-20 13:04:48] User -> Depot Added -> admin@pds| Def
[2025-02-20 13:04:48] User -> Depot Added -> admin@pds| Def
[2025-02-20 13:04:48] User -> Depot Added -> admin@pds| Def
[2025-02-20 13:04:48] User -> Depot Added -> admin@pds| Def
[2025-02-20 13:04:48] User -> Depot Added -> admin@pds| Def
[2025-02-20 13:04:48] User -> Depot Added -> admin@pds| Def
[2025-02-20 13:04:48] User -> Depot Added -> admin@pds| Def
[2025-02-20 13:04:48] User -> Depot Added -> admin@pds| Def
[2025-02-20 13:04:48] User -> Depot Added -> admin@pds| Def
[2025-02-20 13:04:48] User -> Depot Added -> admin@pds| Def
[2025-02-20 13:04:48] User -> Depot Added -> admin@pds| Def
[2025-02-20 13:07:15] User -> Warehouse added ->admin@pds| Requested JSON -> {"name":"Test","type":"motorable","latitude":"26.553","storage":"100","district":"Alipurduar","id":"11A","warehousetype":"swc","longitude":"89.123"}
[2025-02-20 13:08:18] User -> Warehouse InActive -> admin@pds| Test
[2025-02-20 13:08:29] User -> Warehouse Active -> admin@pds| Test
[2025-02-20 13:10:31] User -> Warehouse Edit->admin@pds| Requested JSON -> {"name":"Test Data","uniqueid":"WH_67b6dbab4db4","active":"1","type":"motorable","latitude":"26.553","storage":"110","district":"Alipurduar","id":"11A","warehousetype":"swc","longitude":"89.123"}
[2025-02-20 13:12:15] User -> Warehouse deleted -> admin@pds| Requested JSON -> {"uid":"WH_67b6dbab4db4"} | Test Data
[2025-02-20 13:14:31] User -> Warehouse Added -> admin@pds| Test Data 1
[2025-02-20 13:14:31] User -> Warehouse Added -> admin@pds| Test Data 2
[2025-02-20 13:20:16] User -> Warehouse Edit -> admin@pds| Xyz
[2025-02-20 13:20:16] User -> Warehouse Edit -> admin@pds| Xyz
[2025-02-20 13:20:16] User -> Warehouse Edit -> admin@pds| Xyz
[2025-02-20 13:20:16] User -> Warehouse Edit -> admin@pds| Xyz
[2025-02-20 13:20:16] User -> Warehouse Edit -> admin@pds| Xyz
[2025-02-20 13:20:16] User -> Warehouse Edit -> admin@pds| Xyz
[2025-02-20 13:20:16] User -> Warehouse Edit -> admin@pds| Xyz
[2025-02-20 13:20:16] User -> Warehouse Edit -> admin@pds| Xyz
[2025-02-20 13:20:17] User -> Warehouse Edit -> admin@pds| Xyz
[2025-02-20 13:20:17] User -> Warehouse Edit -> admin@pds| Xyz
[2025-02-20 13:20:17] User -> Warehouse Edit -> admin@pds| Xyz
[2025-02-20 13:20:17] User -> Warehouse Edit -> admin@pds| Xyz
[2025-02-20 13:20:17] User -> Warehouse Edit -> admin@pds| Xyz
[2025-02-20 13:20:17] User -> Warehouse Edit -> admin@pds| Xyz
[2025-02-20 13:20:17] User -> Warehouse Edit -> admin@pds| Xyz
[2025-02-20 13:20:17] User -> Warehouse Edit -> admin@pds| Xyz
[2025-02-20 13:20:17] User -> Warehouse Edit -> admin@pds| Xyz
[2025-02-20 13:20:17] User -> Warehouse Edit -> admin@pds| Xyz
[2025-02-20 13:20:17] User -> Warehouse Edit -> admin@pds| Xyz
[2025-02-20 13:20:17] User -> Warehouse Edit -> admin@pds| Xyz
[2025-02-20 13:20:17] User -> Warehouse Edit -> admin@pds| Xyz
[2025-02-20 13:20:17] User -> Warehouse Edit -> admin@pds| Xyz
[2025-02-20 13:20:17] User -> Warehouse Edit -> admin@pds| Xyz
[2025-02-20 13:20:17] User -> Warehouse Edit -> admin@pds| Xyz
[2025-02-20 13:20:17] User -> Warehouse Edit -> admin@pds| Xyz
[2025-02-20 13:20:17] User -> Warehouse Edit -> admin@pds| Xyz
[2025-02-20 13:20:17] User -> Warehouse Edit -> admin@pds| Xyz
[2025-02-20 13:20:17] User -> Warehouse Edit -> admin@pds| Test Data 1
[2025-02-20 13:20:17] User -> Warehouse Edit -> admin@pds| Test Ok
[2025-02-20 13:21:25] User -> Warehouse InActive -> admin@pds| Alipurduar
[2025-02-20 13:21:40] User -> Warehouse InActive -> admin@pds| Alipurduar
[2025-02-20 13:21:47] User -> Warehouse Active -> admin@pds| Alipurduar
[2025-02-20 13:22:03] User -> Warehouse deleted -> admin@pds| Requested JSON -> {"uid":"all"} | all
[2025-02-20 13:22:30] User -> Warehouse Added -> admin@pds| Xyz
[2025-02-20 13:22:30] User -> Warehouse Added -> admin@pds| Xyz
[2025-02-20 13:22:31] User -> Warehouse Added -> admin@pds| Xyz
[2025-02-20 13:22:31] User -> Warehouse Added -> admin@pds| Xyz
[2025-02-20 13:22:31] User -> Warehouse Added -> admin@pds| Xyz
[2025-02-20 13:22:31] User -> Warehouse Added -> admin@pds| Xyz
[2025-02-20 13:22:31] User -> Warehouse Added -> admin@pds| Xyz
[2025-02-20 13:22:31] User -> Warehouse Added -> admin@pds| Xyz
[2025-02-20 13:22:31] User -> Warehouse Added -> admin@pds| Xyz
[2025-02-20 13:22:31] User -> Warehouse Added -> admin@pds| Xyz
[2025-02-20 13:22:32] User -> Warehouse Added -> admin@pds| Xyz
[2025-02-20 13:22:32] User -> Warehouse Added -> admin@pds| Xyz
[2025-02-20 13:22:32] User -> Warehouse Added -> admin@pds| Xyz
[2025-02-20 13:22:32] User -> Warehouse Added -> admin@pds| Xyz
[2025-02-20 13:22:32] User -> Warehouse Added -> admin@pds| Xyz
[2025-02-20 13:22:32] User -> Warehouse Added -> admin@pds| Xyz
[2025-02-20 13:22:32] User -> Warehouse Added -> admin@pds| Xyz
[2025-02-20 13:22:32] User -> Warehouse Added -> admin@pds| Xyz
[2025-02-20 13:22:32] User -> Warehouse Added -> admin@pds| Xyz
[2025-02-20 13:22:32] User -> Warehouse Added -> admin@pds| Xyz
[2025-02-20 13:22:32] User -> Warehouse Added -> admin@pds| Xyz
[2025-02-20 13:22:32] User -> Warehouse Added -> admin@pds| Xyz
[2025-02-20 13:22:32] User -> Warehouse Added -> admin@pds| Xyz
[2025-02-20 13:22:32] User -> Warehouse Added -> admin@pds| Xyz
[2025-02-20 13:22:32] User -> Warehouse Added -> admin@pds| Xyz
[2025-02-20 13:22:32] User -> Warehouse Added -> admin@pds| Xyz
[2025-02-20 13:22:32] User -> Warehouse Added -> admin@pds| Xyz
[2025-02-20 15:11:48] User -> FPS added ->admin@pds| Requested JSON -> {"name":"Test","type":"Model FPS","latitude":"26.553","longitude":"89.123","district":"Alipurduar","id":"11A","demand":"100","demand_rice":"80","demand_frice":"70"}
[2025-02-20 15:13:43] User -> FPS InActive -> admin@pds| Test
[2025-02-20 15:15:05] User -> FPS Active -> admin@pds| Test
[2025-02-20 15:16:17] User -> FPS Edit->admin@pds| Requested JSON -> {"name":"Test Data","uniqueid":"FPS_67b6f8dc74c","active":"1","type":"Model FPS","latitude":"26.553","longitude":"89.123","district":"Alipurduar","id":"11A","demand":"100","demand_rice":"60","demand_frice":"70"}
[2025-02-20 15:20:28] User -> FPS deleted -> admin@pds| Requested JSON -> {"uid":"FPS_67b6f8dc74c"} | Test Data
[2025-02-20 15:23:45] User -> FPS Added -> admin@pds| Test Data 1
[2025-02-20 15:23:45] User -> FPS Added -> admin@pds| Test Data 2
[2025-02-20 15:25:46] User -> FPS Edit -> admin@pds| Abc
[2025-02-20 15:25:46] User -> FPS Edit -> admin@pds| Abc
[2025-02-20 15:25:46] User -> FPS Edit -> admin@pds| Abc
[2025-02-20 15:25:46] User -> FPS Edit -> admin@pds| Abc
[2025-02-20 15:25:46] User -> FPS Edit -> admin@pds| Abc
[2025-02-20 15:25:46] User -> FPS Edit -> admin@pds| Abc
[2025-02-20 15:25:46] User -> FPS Edit -> admin@pds| Abc
[2025-02-20 15:25:46] User -> FPS Edit -> admin@pds| Abc
[2025-02-20 15:25:46] User -> FPS Edit -> admin@pds| Abc
[2025-02-20 15:25:46] User -> FPS Edit -> admin@pds| Abc
[2025-02-20 15:25:46] User -> FPS Edit -> admin@pds| Abc
[2025-02-20 15:25:46] User -> FPS Edit -> admin@pds| Abc
[2025-02-20 15:25:46] User -> FPS Edit -> admin@pds| Abc
[2025-02-20 15:25:46] User -> FPS Edit -> admin@pds| Abc
[2025-02-20 15:25:46] User -> FPS Edit -> admin@pds| Abc
[2025-02-20 15:25:46] User -> FPS Edit -> admin@pds| Test Data 1
[2025-02-20 15:25:46] User -> FPS Edit -> admin@pds| Test Ok
[2025-02-20 15:28:12] User -> Model FPS InActive -> admin@pds| Alipurduar
[2025-02-20 15:28:37] User -> Model FPS Active -> admin@pds| Alipurduar
[2025-02-20 15:29:00] User -> Normal FPS InActive -> admin@pds| Alipurduar
[2025-02-20 15:29:18] User -> Normal FPS Active -> admin@pds| Alipurduar
[2025-02-20 15:32:47] User ->All Normal FPS InActive -> admin@pds
[2025-02-20 15:33:10] User ->All Normal FPS Active -> admin@pds
[2025-02-20 15:35:14] User ->All Model FPS InActive -> admin@pds
[2025-02-20 15:35:29] User ->All Model FPS Active -> admin@pds
[2025-02-20 15:37:25] User -> FPS deleted -> admin@pds| Requested JSON -> {"uid":"all"} | all
[2025-02-20 15:37:52] User -> FPS Added -> admin@pds| Abc
[2025-02-20 15:37:52] User -> FPS Added -> admin@pds| Abc
[2025-02-20 15:37:52] User -> FPS Added -> admin@pds| Abc
[2025-02-20 15:37:52] User -> FPS Added -> admin@pds| Abc
[2025-02-20 15:37:52] User -> FPS Added -> admin@pds| Abc
[2025-02-20 15:37:52] User -> FPS Added -> admin@pds| Abc
[2025-02-20 15:37:52] User -> FPS Added -> admin@pds| Abc
[2025-02-20 15:37:52] User -> FPS Added -> admin@pds| Abc
[2025-02-20 15:37:52] User -> FPS Added -> admin@pds| Abc
[2025-02-20 15:37:52] User -> FPS Added -> admin@pds| Abc
[2025-02-20 15:37:52] User -> FPS Added -> admin@pds| Abc
[2025-02-20 15:37:52] User -> FPS Added -> admin@pds| Abc
[2025-02-20 15:37:52] User -> FPS Added -> admin@pds| Abc
[2025-02-20 15:37:52] User -> FPS Added -> admin@pds| Abc
[2025-02-20 15:37:52] User -> FPS Added -> admin@pds| Abc
[2025-02-20 15:39:39] User -> User Add ->admin@pds| Requested JSON -> {"newusername":"Test@pds","district":"Alipurduar","newpassword":"Test"} | Test@pds
[2025-02-20 15:42:20] User -> Block User ->admin@pds| Requested JSON -> {"uid":"67b6ff638d732"} | Test@pds
[2025-02-20 15:43:43] User -> Verify User ->admin@pds| Requested JSON -> {"uid":"67b6ff638d732"} | Test@pds
[2025-02-20 15:44:59] User -> Delete User ->admin@pds| Requested JSON -> {"uid":"67b6ff638d732"} | Test@pds
[2025-02-20 15:48:35] User -> Send  Message ->admin@pds| Requested JSON -> {"message":"Optimization","uniqueid":"66c71bc957756"} | Alipurduar@pds
[2025-02-20 15:50:11] User -> Delete Message ->admin@pds| Requested JSON -> Optimization | Alipurduar@pds
[2025-02-20 16:19:52] User -> Cost for leg2 Added ->admin@pds| Requested JSON -> {"cost_YJBKR5T9cf8QDz":"100"} | 2025 | feb
[2025-02-20 16:20:21] {"id":"YJBKR5T9cf8QDz"}
[2025-02-20 16:20:21] User -> Cost for leg2 Reset ->admin@pds| Requested JSON -> {"id":"YJBKR5T9cf8QDz"} | 
[2025-02-20 16:23:25] User -> Cost for leg2 Added ->admin@pds| Requested JSON -> {"cost_0yJ4c0nXUlqiHh":"100"} | 2024 | oct
[2025-02-20 16:23:56] User -> Cost for leg1 Reset ->admin@pds| Requested JSON -> {"id":"0yJ4c0nXUlqiHh"} | 
[2025-02-20 16:24:20] User -> Cost for leg1 Added ->admin@pds| Requested JSON -> {"cost_0yJ4c0nXUlqiHh":"100"} | 2024 | oct
[2025-02-20 16:24:33] User -> Cost for leg1 Reset ->admin@pds| Requested JSON -> {"id":"0yJ4c0nXUlqiHh"} | 
[2025-02-20 23:30:57] User -> Send  Message ->admin@pds| Requested JSON -> {"message":"Optimization done","uniqueid":"66c71bda7ba4f"} | Bankura@pds
[2025-02-20 23:45:01] User -> Save Data | approve admin change yes ->admin@pds| BKSD - 133900100004 - PR
[2025-02-20 23:45:01] User -> Save Data | approve district change id ->admin@pds| BKSD - 133900100001| EF19001
[2025-02-20 23:46:36] User -> Save Data | approve admin change yes ->admin@pds| BKSD - 133900100002 - PR
[2025-02-20 23:46:36] User -> Save Data | approve admin change yes ->admin@pds| BKSD - 133900100005 - PR
[2025-02-20 23:46:36] User -> Save Data | approve admin change yes ->admin@pds| BKSD - 133900100006 - PR
[2025-02-20 23:46:36] User -> Save Data | approve admin change yes ->admin@pds| BNKFM2 - 133900100001 - Wheat
[2025-02-20 23:46:36] User -> Save Data | approve admin change yes ->admin@pds| BNKFM2 - 133900100002 - Wheat
[2025-02-20 23:46:36] User -> Save Data | approve admin change yes ->admin@pds| BNKFM2 - 133900100004 - Wheat
[2025-02-20 23:46:36] User -> Save Data | approve admin change yes ->admin@pds| BNKFM2 - 133900100005 - Wheat
[2025-02-20 23:46:36] User -> Save Data | approve admin change yes ->admin@pds| BNKFM2 - 133900100006 - Wheat
[2025-02-20 23:50:10] User -> Save Data | approve admin change yes ->admin@pds| APDFM1 - 132800200005 - Wheat
[2025-02-20 23:58:28] User -> Save Data | approve admin change yes ->admin@pds| CSDJ - DARJFM1
[2025-02-20 23:58:52] User -> Save Data | approve admin change yes ->admin@pds| BQA - BNKFM2
[2025-02-20 23:58:52] User -> Save Data | approve admin change yes ->admin@pds| EF19002 - APDFM1
[2025-02-20 23:59:58] Admin User -> Save Data | implemeneted ->admin@pds| EF19002 - APDFM1
