[2025-02-25 11:21:23] User -> Mill deleted -> admin@pds| Requested JSON -> {"uid":"all"} | all
[2025-02-25 11:22:27] User -> Mill Added -> admin@pds| Abcd
[2025-02-25 11:22:27] User -> Mill Added -> admin@pds| Abcd
[2025-02-25 11:23:08] User -> Mill Edit -> admin@pds| xyz
[2025-02-25 11:23:08] User -> Mill Edit -> admin@pds| Abcd
[2025-02-25 11:25:28] User -> Mill InActive -> admin@pds| Alipurduar
[2025-02-25 11:25:38] User -> Mill Active -> admin@pds| Alipurduar
[2025-02-25 11:26:15] User -> Mill Edit->admin@pds| Requested JSON -> {"name":"xyzabc","uniqueid":"DCP_67bd5a9bc2c","active":"1","type":"swc","latitude":"52.123","longitude":"85.156","district":"Alipurduar","id":"650","demand":"65","demand_rice":"89"}
[2025-02-25 11:31:43] User -> Depot added ->admin@pds| Requested JSON -> {"name":"abc","type":"SWC","latitude":"52.123","longitude":"85.156","district":"Alipurduar","id":"785","demand":"65","demand_rice":"87"}
[2025-02-25 11:38:10] User -> Depot Edit->admin@pds| Requested JSON -> {"name":"abcd","uniqueid":"Depot_67bd5cc78","active":"1","type":"SWC","latitude":"52.125","longitude":"85.155","district":"Alipurduar","id":"785","demand":"65","demand_rice":"85"}
[2025-02-25 12:12:22] User -> Depot deleted -> admin@pds| Requested JSON -> {"uid":"Depot_67bd5cc78"} | Abcd
[2025-02-25 12:26:12] User -> Depot deleted -> admin@pds| Requested JSON -> {"uid":"all"} | all
[2025-02-25 12:26:47] User -> Depot Added -> admin@pds| Def
[2025-02-25 12:26:47] User -> Depot Added -> admin@pds| Def
[2025-02-25 12:26:47] User -> Depot Added -> admin@pds| Def
[2025-02-25 12:27:15] User -> Depot Edit->admin@pds| Requested JSON -> {"name":"Defp","uniqueid":"Depot_67bd69af8","active":"1","type":"Depot","latitude":"26.479035","longitude":"89.527313","district":"Alipurduar","id":"820","demand":"10000000","demand_rice":"10000000"}
[2025-02-25 12:27:26] User -> Depot deleted -> admin@pds| Requested JSON -> {"uid":"Depot_67bd69af8"} | Defp
[2025-02-25 12:31:53] User -> Depot Edit -> admin@pds| abcv
[2025-02-25 12:31:53] User -> Depot Edit -> admin@pds| aaa
[2025-02-25 12:32:47] User -> Depot added ->admin@pds| Requested JSON -> {"name":"Abcd","type":"SWC","latitude":"52.125","longitude":"85.156","district":"Alipurduar","id":"65","demand":"65","demand_rice":"85"}
[2025-02-25 12:33:05] User -> Depot Edit->admin@pds| Requested JSON -> {"name":"Abcds","uniqueid":"Depot_67bd6b17a","active":"1","type":"SWC","latitude":"52.125","longitude":"85.156","district":"Alipurduar","id":"65","demand":"65","demand_rice":"85"}
[2025-02-25 12:33:15] User -> Depot deleted -> admin@pds| Requested JSON -> {"uid":"Depot_67bd6b17a"} | Abcds
[2025-02-25 12:52:12] User -> Warehouse Edit->admin@pds| Requested JSON -> {"name":"xyzabc","uniqueid":"WH_66f82bda6b41","active":"1","type":"motorable","latitude":"23.253388","storage":"289100","district":"Bankura","id":"BQA","warehousetype":"swc","longitude":"87.086904"}
[2025-02-25 12:56:54] User -> Warehouse deleted -> admin@pds| Requested JSON -> {"uid":"WH_66f82bda6b41"} | Xyzabc
