[2026-06-04 13:55:20] User -> admin@pds | FPS loaded from API -> ARATI BHOWMIK
[2026-06-04 13:55:20] User -> admin@pds | FPS loaded from API -> MANIK CHANDRA SAHA
[2026-06-04 13:59:35] User -> admin@pds | Wholesaler loaded from API -> M/S Doat Ali Mandanl and Sons
[2026-06-04 13:59:35] User -> admin@pds | Wholesaler loaded from API -> AJOY NATH YADAV
[2026-06-04 13:59:59] User -> admin@pds | Depot loaded from API -> Indpur Govt. Godown
[2026-06-04 13:59:59] User -> admin@pds | Depot loaded from API -> CP_Chhatna
[2026-06-04 15:10:33] User -> admin@pds | Depot loaded from API -> Indpur Govt. Godown
[2026-06-04 15:10:33] User -> admin@pds | Depot loaded from API -> CP_Chhatna
[2026-06-04 15:10:46] User -> admin@pds | District loaded from API -> DDR-Kolkata North
[2026-06-04 15:10:46] User -> admin@pds | District loaded from API -> DDR-Howrah
[2026-06-04 15:10:46] User -> admin@pds | District loaded from API -> DARJEELING
[2026-06-04 15:10:46] User -> admin@pds | District loaded from API -> JALPAIGURI
[2026-06-04 15:10:46] User -> admin@pds | District loaded from API -> COOCHBEHAR
[2026-06-04 15:10:46] User -> admin@pds | District loaded from API -> UTTAR DINAJPUR
[2026-06-04 15:10:46] User -> admin@pds | District loaded from API -> DAKSHIN DINAJPUR
[2026-06-04 15:10:46] User -> admin@pds | District loaded from API -> MALDA
[2026-06-04 15:10:46] User -> admin@pds | District loaded from API -> MURSHIDABAD
[2026-06-04 15:10:46] User -> admin@pds | District loaded from API -> BIRBHUM
[2026-06-04 15:10:46] User -> admin@pds | District loaded from API -> PURBA BARDHAMAN
[2026-06-04 15:10:46] User -> admin@pds | District loaded from API -> NADIA
[2026-06-04 15:10:46] User -> admin@pds | District loaded from API -> NORTH 24 PARAGANAS
[2026-06-04 15:10:46] User -> admin@pds | District loaded from API -> HOOGHLY
[2026-06-04 15:10:46] User -> admin@pds | District loaded from API -> BANKURA 
[2026-06-04 15:10:46] User -> admin@pds | District loaded from API -> PURULIA
[2026-06-04 15:10:46] User -> admin@pds | District loaded from API -> SOUTH 24 PARAGANAS
[2026-06-04 15:10:46] User -> admin@pds | District loaded from API -> PASCHIM MEDINIPUR
[2026-06-04 15:10:46] User -> admin@pds | District loaded from API -> PURBA MEDINIPUR
[2026-06-04 15:10:46] User -> admin@pds | District loaded from API -> ALIPURDUAR
[2026-06-04 15:10:46] User -> admin@pds | District loaded from API -> PASCHIM BARDHAMAN
[2026-06-04 15:10:46] User -> admin@pds | District loaded from API -> JHARGRAM
[2026-06-04 15:10:46] User -> admin@pds | District loaded from API -> KALIMPONG
[2026-06-04 15:12:46] User -> admin@pds | FPS loaded from API -> ARATI BHOWMIK
[2026-06-04 15:12:46] User -> admin@pds | FPS loaded from API -> MANIK CHANDRA SAHA
[2026-06-04 15:43:31] User -> admin@pds | Depot loaded from API -> Indpur Govt. Godown
[2026-06-04 15:43:31] User -> admin@pds | Depot loaded from API -> CP_Chhatna
[2026-06-04 17:27:32] User -> admin@pds | Depot loaded from API -> Indpur Govt. Godown
[2026-06-04 17:27:32] User -> admin@pds | Depot loaded from API -> CP_Chhatna
[2026-06-04 17:32:54] User -> admin@pds | Depot loaded from API -> Indpur Govt. Godown
[2026-06-04 17:32:54] User -> admin@pds | Depot loaded from API -> CP_Chhatna
